[0.193s] DEBUG:colcon:Command line arguments: ['/usr/bin/colcon', 'build']
[0.193s] DEBUG:colcon:Parsed command line arguments: Namespace(log_base=None, log_level=None, verb_name='build', build_base='build', install_base='install', merge_install=False, symlink_install=False, test_result_base=None, continue_on_error=False, executor='parallel', parallel_workers=12, event_handlers=None, ignore_user_meta=False, metas=['./colcon.meta'], base_paths=['.'], packages_ignore=None, packages_ignore_regex=None, paths=None, packages_up_to=None, packages_up_to_regex=None, packages_above=None, packages_above_and_dependencies=None, packages_above_depth=None, packages_select_by_dep=None, packages_skip_by_dep=None, packages_skip_up_to=None, packages_select_build_failed=False, packages_skip_build_finished=False, packages_select_test_failures=False, packages_skip_test_passed=False, packages_select=None, packages_skip=None, packages_select_regex=None, packages_skip_regex=None, packages_start=None, packages_end=None, allow_overriding=[], cmake_args=None, cmake_target=None, cmake_target_skip_unavailable=False, cmake_clean_cache=False, cmake_clean_first=False, cmake_force_configure=False, ament_cmake_args=None, catkin_cmake_args=None, catkin_skip_building_tests=False, verb_parser=<colcon_defaults.argument_parser.defaults.DefaultArgumentsDecorator object at 0x7f17cef39840>, verb_extension=<colcon_core.verb.build.BuildVerb object at 0x7f17cf8ea890>, main=<bound method BuildVerb.main of <colcon_core.verb.build.BuildVerb object at 0x7f17cf8ea890>>)
[0.215s] Level 1:colcon.colcon_core.package_discovery:discover_packages(colcon_meta) check parameters
[0.215s] Level 1:colcon.colcon_core.package_discovery:discover_packages(recursive) check parameters
[0.215s] Level 1:colcon.colcon_core.package_discovery:discover_packages(ignore) check parameters
[0.215s] Level 1:colcon.colcon_core.package_discovery:discover_packages(path) check parameters
[0.215s] Level 1:colcon.colcon_core.package_discovery:discover_packages(colcon_meta) discover
[0.216s] Level 1:colcon.colcon_core.package_discovery:discover_packages(recursive) discover
[0.216s] INFO:colcon.colcon_core.package_discovery:Crawling recursively for packages in '/home/ronit/WaterRobo'
[0.216s] Level 1:colcon.colcon_core.package_identification:_identify(.) by extensions ['ignore', 'ignore_ament_install']
[0.216s] Level 1:colcon.colcon_core.package_identification:_identify(.) by extension 'ignore'
[0.216s] Level 1:colcon.colcon_core.package_identification:_identify(.) by extension 'ignore_ament_install'
[0.216s] Level 1:colcon.colcon_core.package_identification:_identify(.) by extensions ['colcon_pkg']
[0.216s] Level 1:colcon.colcon_core.package_identification:_identify(.) by extension 'colcon_pkg'
[0.216s] Level 1:colcon.colcon_core.package_identification:_identify(.) by extensions ['colcon_meta']
[0.216s] Level 1:colcon.colcon_core.package_identification:_identify(.) by extension 'colcon_meta'
[0.216s] Level 1:colcon.colcon_core.package_identification:_identify(.) by extensions ['ros']
[0.216s] Level 1:colcon.colcon_core.package_identification:_identify(.) by extension 'ros'
[0.229s] Level 1:colcon.colcon_core.package_identification:_identify(.) by extensions ['cmake', 'python']
[0.230s] Level 1:colcon.colcon_core.package_identification:_identify(.) by extension 'cmake'
[0.230s] Level 1:colcon.colcon_core.package_identification:_identify(.) by extension 'python'
[0.230s] Level 1:colcon.colcon_core.package_identification:_identify(.) by extensions ['python_setup_py']
[0.230s] Level 1:colcon.colcon_core.package_identification:_identify(.) by extension 'python_setup_py'
[0.230s] Level 1:colcon.colcon_core.package_identification:_identify(build) by extensions ['ignore', 'ignore_ament_install']
[0.230s] Level 1:colcon.colcon_core.package_identification:_identify(build) by extension 'ignore'
[0.230s] Level 1:colcon.colcon_core.package_identification:_identify(build) ignored
[0.230s] Level 1:colcon.colcon_core.package_identification:_identify(install) by extensions ['ignore', 'ignore_ament_install']
[0.230s] Level 1:colcon.colcon_core.package_identification:_identify(install) by extension 'ignore'
[0.230s] Level 1:colcon.colcon_core.package_identification:_identify(install) ignored
[0.230s] Level 1:colcon.colcon_core.package_identification:_identify(log) by extensions ['ignore', 'ignore_ament_install']
[0.230s] Level 1:colcon.colcon_core.package_identification:_identify(log) by extension 'ignore'
[0.230s] Level 1:colcon.colcon_core.package_identification:_identify(log) ignored
[0.230s] Level 1:colcon.colcon_core.package_identification:_identify(src) by extensions ['ignore', 'ignore_ament_install']
[0.230s] Level 1:colcon.colcon_core.package_identification:_identify(src) by extension 'ignore'
[0.230s] Level 1:colcon.colcon_core.package_identification:_identify(src) by extension 'ignore_ament_install'
[0.230s] Level 1:colcon.colcon_core.package_identification:_identify(src) by extensions ['colcon_pkg']
[0.230s] Level 1:colcon.colcon_core.package_identification:_identify(src) by extension 'colcon_pkg'
[0.230s] Level 1:colcon.colcon_core.package_identification:_identify(src) by extensions ['colcon_meta']
[0.230s] Level 1:colcon.colcon_core.package_identification:_identify(src) by extension 'colcon_meta'
[0.230s] Level 1:colcon.colcon_core.package_identification:_identify(src) by extensions ['ros']
[0.230s] Level 1:colcon.colcon_core.package_identification:_identify(src) by extension 'ros'
[0.230s] Level 1:colcon.colcon_core.package_identification:_identify(src) by extensions ['cmake', 'python']
[0.230s] Level 1:colcon.colcon_core.package_identification:_identify(src) by extension 'cmake'
[0.230s] Level 1:colcon.colcon_core.package_identification:_identify(src) by extension 'python'
[0.230s] Level 1:colcon.colcon_core.package_identification:_identify(src) by extensions ['python_setup_py']
[0.230s] Level 1:colcon.colcon_core.package_identification:_identify(src) by extension 'python_setup_py'
[0.230s] Level 1:colcon.colcon_core.package_identification:_identify(src/test_force) by extensions ['ignore', 'ignore_ament_install']
[0.230s] Level 1:colcon.colcon_core.package_identification:_identify(src/test_force) by extension 'ignore'
[0.231s] Level 1:colcon.colcon_core.package_identification:_identify(src/test_force) by extension 'ignore_ament_install'
[0.231s] Level 1:colcon.colcon_core.package_identification:_identify(src/test_force) by extensions ['colcon_pkg']
[0.231s] Level 1:colcon.colcon_core.package_identification:_identify(src/test_force) by extension 'colcon_pkg'
[0.231s] Level 1:colcon.colcon_core.package_identification:_identify(src/test_force) by extensions ['colcon_meta']
[0.231s] Level 1:colcon.colcon_core.package_identification:_identify(src/test_force) by extension 'colcon_meta'
[0.231s] Level 1:colcon.colcon_core.package_identification:_identify(src/test_force) by extensions ['ros']
[0.231s] Level 1:colcon.colcon_core.package_identification:_identify(src/test_force) by extension 'ros'
[0.233s] DEBUG:colcon.colcon_core.package_identification:Package 'src/test_force' with type 'ros.ament_cmake' and name 'test_force'
[0.233s] Level 1:colcon.colcon_core.package_discovery:discover_packages(recursive) using defaults
[0.233s] Level 1:colcon.colcon_core.package_discovery:discover_packages(ignore) discover
[0.233s] Level 1:colcon.colcon_core.package_discovery:discover_packages(ignore) using defaults
[0.233s] Level 1:colcon.colcon_core.package_discovery:discover_packages(path) discover
[0.233s] Level 1:colcon.colcon_core.package_discovery:discover_packages(path) using defaults
[0.249s] Level 1:colcon.colcon_core.package_discovery:discover_packages(prefix_path) check parameters
[0.249s] Level 1:colcon.colcon_core.package_discovery:discover_packages(prefix_path) discover
[0.250s] DEBUG:colcon.colcon_installed_package_information.package_discovery:Found 277 installed packages in /opt/ros/humble
[0.251s] Level 1:colcon.colcon_core.package_discovery:discover_packages(prefix_path) using defaults
[0.284s] Level 5:colcon.colcon_core.verb:set package 'test_force' build argument 'cmake_args' from command line to 'None'
[0.284s] Level 5:colcon.colcon_core.verb:set package 'test_force' build argument 'cmake_target' from command line to 'None'
[0.284s] Level 5:colcon.colcon_core.verb:set package 'test_force' build argument 'cmake_target_skip_unavailable' from command line to 'False'
[0.284s] Level 5:colcon.colcon_core.verb:set package 'test_force' build argument 'cmake_clean_cache' from command line to 'False'
[0.284s] Level 5:colcon.colcon_core.verb:set package 'test_force' build argument 'cmake_clean_first' from command line to 'False'
[0.284s] Level 5:colcon.colcon_core.verb:set package 'test_force' build argument 'cmake_force_configure' from command line to 'False'
[0.284s] Level 5:colcon.colcon_core.verb:set package 'test_force' build argument 'ament_cmake_args' from command line to 'None'
[0.284s] Level 5:colcon.colcon_core.verb:set package 'test_force' build argument 'catkin_cmake_args' from command line to 'None'
[0.284s] Level 5:colcon.colcon_core.verb:set package 'test_force' build argument 'catkin_skip_building_tests' from command line to 'False'
[0.284s] DEBUG:colcon.colcon_core.verb:Building package 'test_force' with the following arguments: {'ament_cmake_args': None, 'build_base': '/home/ronit/WaterRobo/build/test_force', 'catkin_cmake_args': None, 'catkin_skip_building_tests': False, 'cmake_args': None, 'cmake_clean_cache': False, 'cmake_clean_first': False, 'cmake_force_configure': False, 'cmake_target': None, 'cmake_target_skip_unavailable': False, 'install_base': '/home/ronit/WaterRobo/install/test_force', 'merge_install': False, 'path': '/home/ronit/WaterRobo/src/test_force', 'symlink_install': False, 'test_result_base': None}
[0.285s] INFO:colcon.colcon_core.executor:Executing jobs using 'parallel' executor
[0.287s] DEBUG:colcon.colcon_parallel_executor.executor.parallel:run_until_complete
[0.287s] INFO:colcon.colcon_ros.task.ament_cmake.build:Building ROS package in '/home/ronit/WaterRobo/src/test_force' with build type 'ament_cmake'
[0.287s] INFO:colcon.colcon_cmake.task.cmake.build:Building CMake package in '/home/ronit/WaterRobo/src/test_force'
[0.290s] INFO:colcon.colcon_core.plugin_system:Skipping extension 'colcon_core.shell.bat': Not used on non-Windows systems
[0.290s] INFO:colcon.colcon_core.shell:Skip shell extension 'powershell' for command environment: Not usable outside of PowerShell
[0.290s] DEBUG:colcon.colcon_core.shell:Skip shell extension 'dsv' for command environment
[0.295s] DEBUG:colcon.colcon_core.event_handler.log_command:Invoking command in '/home/ronit/WaterRobo/build/test_force': CMAKE_PREFIX_PATH=/opt/ros/humble /usr/bin/cmake /home/ronit/WaterRobo/src/test_force -DCMAKE_INSTALL_PREFIX=/home/ronit/WaterRobo/install/test_force
[1.286s] DEBUG:colcon.colcon_core.event_handler.log_command:Invoked command in '/home/ronit/WaterRobo/build/test_force' returned '0': CMAKE_PREFIX_PATH=/opt/ros/humble /usr/bin/cmake /home/ronit/WaterRobo/src/test_force -DCMAKE_INSTALL_PREFIX=/home/ronit/WaterRobo/install/test_force
[1.288s] DEBUG:colcon.colcon_core.event_handler.log_command:Invoking command in '/home/ronit/WaterRobo/build/test_force': CMAKE_PREFIX_PATH=/opt/ros/humble /usr/bin/cmake --build /home/ronit/WaterRobo/build/test_force -- -j12 -l12
[4.013s] DEBUG:colcon.colcon_core.event_handler.log_command:Invoked command in '/home/ronit/WaterRobo/build/test_force' returned '0': CMAKE_PREFIX_PATH=/opt/ros/humble /usr/bin/cmake --build /home/ronit/WaterRobo/build/test_force -- -j12 -l12
[4.028s] DEBUG:colcon.colcon_core.event_handler.log_command:Invoking command in '/home/ronit/WaterRobo/build/test_force': CMAKE_PREFIX_PATH=/opt/ros/humble /usr/bin/cmake --install /home/ronit/WaterRobo/build/test_force
[4.034s] Level 1:colcon.colcon_core.environment:create_environment_scripts_only(test_force)
[4.035s] DEBUG:colcon.colcon_core.event_handler.log_command:Invoked command in '/home/ronit/WaterRobo/build/test_force' returned '0': CMAKE_PREFIX_PATH=/opt/ros/humble /usr/bin/cmake --install /home/ronit/WaterRobo/build/test_force
[4.038s] Level 1:colcon.colcon_core.environment:checking '/home/ronit/WaterRobo/install/test_force' for CMake module files
[4.038s] Level 1:colcon.colcon_core.environment:checking '/home/ronit/WaterRobo/install/test_force' for CMake config files
[4.038s] Level 1:colcon.colcon_core.shell:create_environment_hook('test_force', 'cmake_prefix_path')
[4.039s] INFO:colcon.colcon_core.shell:Creating environment hook '/home/ronit/WaterRobo/install/test_force/share/test_force/hook/cmake_prefix_path.ps1'
[4.039s] INFO:colcon.colcon_core.shell:Creating environment descriptor '/home/ronit/WaterRobo/install/test_force/share/test_force/hook/cmake_prefix_path.dsv'
[4.039s] INFO:colcon.colcon_core.shell:Creating environment hook '/home/ronit/WaterRobo/install/test_force/share/test_force/hook/cmake_prefix_path.sh'
[4.040s] Level 1:colcon.colcon_core.environment:checking '/home/ronit/WaterRobo/install/test_force/lib'
[4.040s] Level 1:colcon.colcon_core.environment:checking '/home/ronit/WaterRobo/install/test_force/bin'
[4.040s] Level 1:colcon.colcon_core.environment:checking '/home/ronit/WaterRobo/install/test_force/lib/pkgconfig/test_force.pc'
[4.040s] Level 1:colcon.colcon_core.environment:checking '/home/ronit/WaterRobo/install/test_force/lib/python3.10/site-packages'
[4.040s] Level 1:colcon.colcon_core.environment:checking '/home/ronit/WaterRobo/install/test_force/bin'
[4.041s] INFO:colcon.colcon_core.shell:Creating package script '/home/ronit/WaterRobo/install/test_force/share/test_force/package.ps1'
[4.042s] INFO:colcon.colcon_core.shell:Creating package descriptor '/home/ronit/WaterRobo/install/test_force/share/test_force/package.dsv'
[4.042s] INFO:colcon.colcon_core.shell:Creating package script '/home/ronit/WaterRobo/install/test_force/share/test_force/package.sh'
[4.042s] INFO:colcon.colcon_core.shell:Creating package script '/home/ronit/WaterRobo/install/test_force/share/test_force/package.bash'
[4.043s] INFO:colcon.colcon_core.shell:Creating package script '/home/ronit/WaterRobo/install/test_force/share/test_force/package.zsh'
[4.043s] Level 1:colcon.colcon_core.environment:create_file_with_runtime_dependencies(/home/ronit/WaterRobo/install/test_force/share/colcon-core/packages/test_force)
[4.056s] Level 1:colcon.colcon_core.environment:create_environment_scripts_only(test_force)
[4.058s] Level 1:colcon.colcon_core.environment:checking '/home/ronit/WaterRobo/install/test_force' for CMake module files
[4.059s] Level 1:colcon.colcon_core.environment:checking '/home/ronit/WaterRobo/install/test_force' for CMake config files
[4.059s] Level 1:colcon.colcon_core.shell:create_environment_hook('test_force', 'cmake_prefix_path')
[4.061s] INFO:colcon.colcon_core.shell:Creating environment hook '/home/ronit/WaterRobo/install/test_force/share/test_force/hook/cmake_prefix_path.ps1'
[4.061s] INFO:colcon.colcon_core.shell:Creating environment descriptor '/home/ronit/WaterRobo/install/test_force/share/test_force/hook/cmake_prefix_path.dsv'
[4.061s] INFO:colcon.colcon_core.shell:Creating environment hook '/home/ronit/WaterRobo/install/test_force/share/test_force/hook/cmake_prefix_path.sh'
[4.062s] Level 1:colcon.colcon_core.environment:checking '/home/ronit/WaterRobo/install/test_force/lib'
[4.062s] Level 1:colcon.colcon_core.environment:checking '/home/ronit/WaterRobo/install/test_force/bin'
[4.062s] Level 1:colcon.colcon_core.environment:checking '/home/ronit/WaterRobo/install/test_force/lib/pkgconfig/test_force.pc'
[4.062s] Level 1:colcon.colcon_core.environment:checking '/home/ronit/WaterRobo/install/test_force/lib/python3.10/site-packages'
[4.063s] Level 1:colcon.colcon_core.environment:checking '/home/ronit/WaterRobo/install/test_force/bin'
[4.064s] INFO:colcon.colcon_core.shell:Creating package script '/home/ronit/WaterRobo/install/test_force/share/test_force/package.ps1'
[4.064s] INFO:colcon.colcon_core.shell:Creating package descriptor '/home/ronit/WaterRobo/install/test_force/share/test_force/package.dsv'
[4.065s] INFO:colcon.colcon_core.shell:Creating package script '/home/ronit/WaterRobo/install/test_force/share/test_force/package.sh'
[4.065s] INFO:colcon.colcon_core.shell:Creating package script '/home/ronit/WaterRobo/install/test_force/share/test_force/package.bash'
[4.065s] INFO:colcon.colcon_core.shell:Creating package script '/home/ronit/WaterRobo/install/test_force/share/test_force/package.zsh'
[4.066s] Level 1:colcon.colcon_core.environment:create_file_with_runtime_dependencies(/home/ronit/WaterRobo/install/test_force/share/colcon-core/packages/test_force)
[4.066s] DEBUG:colcon.colcon_parallel_executor.executor.parallel:closing loop
[4.066s] DEBUG:colcon.colcon_parallel_executor.executor.parallel:loop closed
[4.066s] DEBUG:colcon.colcon_parallel_executor.executor.parallel:run_until_complete finished with '0'
[4.066s] DEBUG:colcon.colcon_core.event_reactor:joining thread
[4.073s] INFO:colcon.colcon_core.plugin_system:Skipping extension 'colcon_notification.desktop_notification.terminal_notifier': Not used on non-Darwin systems
[4.073s] INFO:colcon.colcon_core.plugin_system:Skipping extension 'colcon_notification.desktop_notification.win32': Not used on non-Windows systems
[4.073s] INFO:colcon.colcon_notification.desktop_notification:Sending desktop notification using 'notify2'
[4.092s] DEBUG:colcon.colcon_core.event_reactor:joined thread
[4.093s] INFO:colcon.colcon_core.shell:Creating prefix script '/home/ronit/WaterRobo/install/local_setup.ps1'
[4.094s] INFO:colcon.colcon_core.shell:Creating prefix util module '/home/ronit/WaterRobo/install/_local_setup_util_ps1.py'
[4.095s] INFO:colcon.colcon_core.shell:Creating prefix chain script '/home/ronit/WaterRobo/install/setup.ps1'
[4.097s] INFO:colcon.colcon_core.shell:Creating prefix script '/home/ronit/WaterRobo/install/local_setup.sh'
[4.097s] INFO:colcon.colcon_core.shell:Creating prefix util module '/home/ronit/WaterRobo/install/_local_setup_util_sh.py'
[4.097s] INFO:colcon.colcon_core.shell:Creating prefix chain script '/home/ronit/WaterRobo/install/setup.sh'
[4.098s] INFO:colcon.colcon_core.shell:Creating prefix script '/home/ronit/WaterRobo/install/local_setup.bash'
[4.099s] INFO:colcon.colcon_core.shell:Creating prefix chain script '/home/ronit/WaterRobo/install/setup.bash'
[4.100s] INFO:colcon.colcon_core.shell:Creating prefix script '/home/ronit/WaterRobo/install/local_setup.zsh'
[4.100s] INFO:colcon.colcon_core.shell:Creating prefix chain script '/home/ronit/WaterRobo/install/setup.zsh'
