[0.373s] Invoking command in '/home/ronit/WaterRobo/src/spawner_pkg': PYTHONPATH=/home/ronit/WaterRobo/build/spawner_pkg/prefix_override:/home/ronit/WaterRobo/install/spawner_pkg/lib/python3.10/site-packages:${PYTHONPATH} /usr/bin/python3 setup.py egg_info --egg-base ../../build/spawner_pkg build --build-base /home/ronit/WaterRobo/build/spawner_pkg/build install --record /home/ronit/WaterRobo/build/spawner_pkg/install.log --single-version-externally-managed
[0.520s] running egg_info
[0.520s] writing ../../build/spawner_pkg/spawner_pkg.egg-info/PKG-INFO
[0.520s] writing dependency_links to ../../build/spawner_pkg/spawner_pkg.egg-info/dependency_links.txt
[0.520s] writing entry points to ../../build/spawner_pkg/spawner_pkg.egg-info/entry_points.txt
[0.520s] writing requirements to ../../build/spawner_pkg/spawner_pkg.egg-info/requires.txt
[0.520s] writing top-level names to ../../build/spawner_pkg/spawner_pkg.egg-info/top_level.txt
[0.521s] reading manifest file '../../build/spawner_pkg/spawner_pkg.egg-info/SOURCES.txt'
[0.522s] writing manifest file '../../build/spawner_pkg/spawner_pkg.egg-info/SOURCES.txt'
[0.522s] running build
[0.522s] running build_py
[0.522s] running install
[0.522s] /usr/lib/python3/dist-packages/setuptools/command/install.py:34: SetuptoolsDeprecationWarning: setup.py install is deprecated. Use build and pip and other standards-based tools.
[0.522s]   warnings.warn(
[0.522s] running install_lib
[0.523s] running install_data
[0.523s] copying ./models/AUV_mk4/model.sdf -> /home/ronit/WaterRobo/install/spawner_pkg/share/spawner_pkg/models/AUV_mk4/
[0.523s] running install_egg_info
[0.525s] removing '/home/ronit/WaterRobo/install/spawner_pkg/lib/python3.10/site-packages/spawner_pkg-0.0.0-py3.10.egg-info' (and everything under it)
[0.525s] Copying ../../build/spawner_pkg/spawner_pkg.egg-info to /home/ronit/WaterRobo/install/spawner_pkg/lib/python3.10/site-packages/spawner_pkg-0.0.0-py3.10.egg-info
[0.525s] running install_scripts
[0.539s] Installing spawn script to /home/ronit/WaterRobo/install/spawner_pkg/lib/spawner_pkg
[0.539s] writing list of installed files to '/home/ronit/WaterRobo/build/spawner_pkg/install.log'
[0.556s] Invoked command in '/home/ronit/WaterRobo/src/spawner_pkg' returned '0': PYTHONPATH=/home/ronit/WaterRobo/build/spawner_pkg/prefix_override:/home/ronit/WaterRobo/install/spawner_pkg/lib/python3.10/site-packages:${PYTHONPATH} /usr/bin/python3 setup.py egg_info --egg-base ../../build/spawner_pkg build --build-base /home/ronit/WaterRobo/build/spawner_pkg/build install --record /home/ronit/WaterRobo/build/spawner_pkg/install.log --single-version-externally-managed
