[0.286s] DEBUG:colcon:Command line arguments: ['/usr/bin/colcon', 'list', '-p', '--base-paths', '/home/ronit/WaterRobo']
[0.286s] DEBUG:colcon:Parsed command line arguments: Namespace(log_base=None, log_level=None, verb_name='list', build_base='build', ignore_user_meta=False, metas=['./colcon.meta'], base_paths=['/home/ronit/WaterRobo'], packages_ignore=None, packages_ignore_regex=None, paths=None, packages_up_to=None, packages_up_to_regex=None, packages_above=None, packages_above_and_dependencies=None, packages_above_depth=None, packages_select_by_dep=None, packages_skip_by_dep=None, packages_skip_up_to=None, packages_select_build_failed=False, packages_skip_build_finished=False, packages_select_test_failures=False, packages_skip_test_passed=False, packages_select=None, packages_skip=None, packages_select_regex=None, packages_skip_regex=None, packages_start=None, packages_end=None, allow_overriding=[], topological_order=False, names_only=False, paths_only=True, topological_graph=False, topological_graph_dot=False, topological_graph_density=False, topological_graph_legend=False, topological_graph_dot_cluster=False, topological_graph_dot_include_skipped=False, verb_parser=<colcon_defaults.argument_parser.defaults.DefaultArgumentsDecorator object at 0x7f4a0f06e2f0>, verb_extension=<colcon_package_information.verb.list.ListVerb object at 0x7f4a0f275330>, main=<bound method ListVerb.main of <colcon_package_information.verb.list.ListVerb object at 0x7f4a0f275330>>)
[0.301s] Level 1:colcon.colcon_core.package_discovery:discover_packages(colcon_meta) check parameters
[0.301s] Level 1:colcon.colcon_core.package_discovery:discover_packages(recursive) check parameters
[0.301s] Level 1:colcon.colcon_core.package_discovery:discover_packages(ignore) check parameters
[0.301s] Level 1:colcon.colcon_core.package_discovery:discover_packages(path) check parameters
[0.301s] Level 1:colcon.colcon_core.package_discovery:discover_packages(recursive) discover
[0.301s] INFO:colcon.colcon_core.package_discovery:Crawling recursively for packages in '/home/ronit/WaterRobo'
[0.301s] Level 1:colcon.colcon_core.package_identification:_identify(/home/ronit/WaterRobo) by extensions ['ignore', 'ignore_ament_install']
[0.301s] Level 1:colcon.colcon_core.package_identification:_identify(/home/ronit/WaterRobo) by extension 'ignore'
[0.301s] Level 1:colcon.colcon_core.package_identification:_identify(/home/ronit/WaterRobo) by extension 'ignore_ament_install'
[0.301s] Level 1:colcon.colcon_core.package_identification:_identify(/home/ronit/WaterRobo) by extensions ['colcon_pkg']
[0.301s] Level 1:colcon.colcon_core.package_identification:_identify(/home/ronit/WaterRobo) by extension 'colcon_pkg'
[0.301s] Level 1:colcon.colcon_core.package_identification:_identify(/home/ronit/WaterRobo) by extensions ['colcon_meta']
[0.301s] Level 1:colcon.colcon_core.package_identification:_identify(/home/ronit/WaterRobo) by extension 'colcon_meta'
[0.301s] Level 1:colcon.colcon_core.package_identification:_identify(/home/ronit/WaterRobo) by extensions ['ros']
[0.301s] Level 1:colcon.colcon_core.package_identification:_identify(/home/ronit/WaterRobo) by extension 'ros'
[0.309s] Level 1:colcon.colcon_core.package_identification:_identify(/home/ronit/WaterRobo) by extensions ['cmake', 'python']
[0.309s] Level 1:colcon.colcon_core.package_identification:_identify(/home/ronit/WaterRobo) by extension 'cmake'
[0.309s] Level 1:colcon.colcon_core.package_identification:_identify(/home/ronit/WaterRobo) by extension 'python'
[0.309s] Level 1:colcon.colcon_core.package_identification:_identify(/home/ronit/WaterRobo) by extensions ['python_setup_py']
[0.309s] Level 1:colcon.colcon_core.package_identification:_identify(/home/ronit/WaterRobo) by extension 'python_setup_py'
[0.309s] Level 1:colcon.colcon_core.package_identification:_identify(/home/ronit/WaterRobo/build) by extensions ['ignore', 'ignore_ament_install']
[0.309s] Level 1:colcon.colcon_core.package_identification:_identify(/home/ronit/WaterRobo/build) by extension 'ignore'
[0.309s] Level 1:colcon.colcon_core.package_identification:_identify(/home/ronit/WaterRobo/build) ignored
[0.309s] Level 1:colcon.colcon_core.package_identification:_identify(/home/ronit/WaterRobo/install) by extensions ['ignore', 'ignore_ament_install']
[0.309s] Level 1:colcon.colcon_core.package_identification:_identify(/home/ronit/WaterRobo/install) by extension 'ignore'
[0.309s] Level 1:colcon.colcon_core.package_identification:_identify(/home/ronit/WaterRobo/install) ignored
[0.309s] Level 1:colcon.colcon_core.package_identification:_identify(/home/ronit/WaterRobo/log) by extensions ['ignore', 'ignore_ament_install']
[0.309s] Level 1:colcon.colcon_core.package_identification:_identify(/home/ronit/WaterRobo/log) by extension 'ignore'
[0.309s] Level 1:colcon.colcon_core.package_identification:_identify(/home/ronit/WaterRobo/log) ignored
[0.309s] Level 1:colcon.colcon_core.package_identification:_identify(/home/ronit/WaterRobo/src) by extensions ['ignore', 'ignore_ament_install']
[0.309s] Level 1:colcon.colcon_core.package_identification:_identify(/home/ronit/WaterRobo/src) by extension 'ignore'
[0.309s] Level 1:colcon.colcon_core.package_identification:_identify(/home/ronit/WaterRobo/src) by extension 'ignore_ament_install'
[0.310s] Level 1:colcon.colcon_core.package_identification:_identify(/home/ronit/WaterRobo/src) by extensions ['colcon_pkg']
[0.310s] Level 1:colcon.colcon_core.package_identification:_identify(/home/ronit/WaterRobo/src) by extension 'colcon_pkg'
[0.310s] Level 1:colcon.colcon_core.package_identification:_identify(/home/ronit/WaterRobo/src) by extensions ['colcon_meta']
[0.310s] Level 1:colcon.colcon_core.package_identification:_identify(/home/ronit/WaterRobo/src) by extension 'colcon_meta'
[0.310s] Level 1:colcon.colcon_core.package_identification:_identify(/home/ronit/WaterRobo/src) by extensions ['ros']
[0.310s] Level 1:colcon.colcon_core.package_identification:_identify(/home/ronit/WaterRobo/src) by extension 'ros'
[0.310s] Level 1:colcon.colcon_core.package_identification:_identify(/home/ronit/WaterRobo/src) by extensions ['cmake', 'python']
[0.310s] Level 1:colcon.colcon_core.package_identification:_identify(/home/ronit/WaterRobo/src) by extension 'cmake'
[0.310s] Level 1:colcon.colcon_core.package_identification:_identify(/home/ronit/WaterRobo/src) by extension 'python'
[0.310s] Level 1:colcon.colcon_core.package_identification:_identify(/home/ronit/WaterRobo/src) by extensions ['python_setup_py']
[0.310s] Level 1:colcon.colcon_core.package_identification:_identify(/home/ronit/WaterRobo/src) by extension 'python_setup_py'
[0.310s] Level 1:colcon.colcon_core.package_identification:_identify(/home/ronit/WaterRobo/src/spawner_pkg) by extensions ['ignore', 'ignore_ament_install']
[0.310s] Level 1:colcon.colcon_core.package_identification:_identify(/home/ronit/WaterRobo/src/spawner_pkg) by extension 'ignore'
[0.310s] Level 1:colcon.colcon_core.package_identification:_identify(/home/ronit/WaterRobo/src/spawner_pkg) by extension 'ignore_ament_install'
[0.310s] Level 1:colcon.colcon_core.package_identification:_identify(/home/ronit/WaterRobo/src/spawner_pkg) by extensions ['colcon_pkg']
[0.310s] Level 1:colcon.colcon_core.package_identification:_identify(/home/ronit/WaterRobo/src/spawner_pkg) by extension 'colcon_pkg'
[0.310s] Level 1:colcon.colcon_core.package_identification:_identify(/home/ronit/WaterRobo/src/spawner_pkg) by extensions ['colcon_meta']
[0.310s] Level 1:colcon.colcon_core.package_identification:_identify(/home/ronit/WaterRobo/src/spawner_pkg) by extension 'colcon_meta'
[0.310s] Level 1:colcon.colcon_core.package_identification:_identify(/home/ronit/WaterRobo/src/spawner_pkg) by extensions ['ros']
[0.310s] Level 1:colcon.colcon_core.package_identification:_identify(/home/ronit/WaterRobo/src/spawner_pkg) by extension 'ros'
[0.312s] DEBUG:colcon.colcon_core.package_identification:Package '/home/ronit/WaterRobo/src/spawner_pkg' with type 'ros.ament_python' and name 'spawner_pkg'
[0.312s] Level 1:colcon.colcon_core.package_identification:_identify(/home/ronit/WaterRobo/src/test_force) by extensions ['ignore', 'ignore_ament_install']
[0.312s] Level 1:colcon.colcon_core.package_identification:_identify(/home/ronit/WaterRobo/src/test_force) by extension 'ignore'
[0.312s] Level 1:colcon.colcon_core.package_identification:_identify(/home/ronit/WaterRobo/src/test_force) by extension 'ignore_ament_install'
[0.312s] Level 1:colcon.colcon_core.package_identification:_identify(/home/ronit/WaterRobo/src/test_force) by extensions ['colcon_pkg']
[0.312s] Level 1:colcon.colcon_core.package_identification:_identify(/home/ronit/WaterRobo/src/test_force) by extension 'colcon_pkg'
[0.312s] Level 1:colcon.colcon_core.package_identification:_identify(/home/ronit/WaterRobo/src/test_force) by extensions ['colcon_meta']
[0.312s] Level 1:colcon.colcon_core.package_identification:_identify(/home/ronit/WaterRobo/src/test_force) by extension 'colcon_meta'
[0.312s] Level 1:colcon.colcon_core.package_identification:_identify(/home/ronit/WaterRobo/src/test_force) by extensions ['ros']
[0.312s] Level 1:colcon.colcon_core.package_identification:_identify(/home/ronit/WaterRobo/src/test_force) by extension 'ros'
[0.318s] DEBUG:colcon.colcon_core.package_identification:Package '/home/ronit/WaterRobo/src/test_force' with type 'ros.ament_cmake' and name 'test_force'
[0.319s] Level 1:colcon.colcon_core.package_discovery:discover_packages(recursive) using defaults
