[0.165s] DEBUG:colcon:Command line arguments: ['/usr/bin/colcon', 'build']
[0.165s] DEBUG:colcon:Parsed command line arguments: Namespace(log_base=None, log_level=None, verb_name='build', build_base='build', install_base='install', merge_install=False, symlink_install=False, test_result_base=None, continue_on_error=False, executor='parallel', parallel_workers=12, event_handlers=None, ignore_user_meta=False, metas=['./colcon.meta'], base_paths=['.'], packages_ignore=None, packages_ignore_regex=None, paths=None, packages_up_to=None, packages_up_to_regex=None, packages_above=None, packages_above_and_dependencies=None, packages_above_depth=None, packages_select_by_dep=None, packages_skip_by_dep=None, packages_skip_up_to=None, packages_select_build_failed=False, packages_skip_build_finished=False, packages_select_test_failures=False, packages_skip_test_passed=False, packages_select=None, packages_skip=None, packages_select_regex=None, packages_skip_regex=None, packages_start=None, packages_end=None, allow_overriding=[], cmake_args=None, cmake_target=None, cmake_target_skip_unavailable=False, cmake_clean_cache=False, cmake_clean_first=False, cmake_force_configure=False, ament_cmake_args=None, catkin_cmake_args=None, catkin_skip_building_tests=False, verb_parser=<colcon_defaults.argument_parser.defaults.DefaultArgumentsDecorator object at 0x7f5f3bbfd8d0>, verb_extension=<colcon_core.verb.build.BuildVerb object at 0x7f5f3c5a6800>, main=<bound method BuildVerb.main of <colcon_core.verb.build.BuildVerb object at 0x7f5f3c5a6800>>)
[0.177s] Level 1:colcon.colcon_core.package_discovery:discover_packages(colcon_meta) check parameters
[0.177s] Level 1:colcon.colcon_core.package_discovery:discover_packages(recursive) check parameters
[0.177s] Level 1:colcon.colcon_core.package_discovery:discover_packages(ignore) check parameters
[0.177s] Level 1:colcon.colcon_core.package_discovery:discover_packages(path) check parameters
[0.177s] Level 1:colcon.colcon_core.package_discovery:discover_packages(colcon_meta) discover
[0.177s] Level 1:colcon.colcon_core.package_discovery:discover_packages(recursive) discover
[0.177s] INFO:colcon.colcon_core.package_discovery:Crawling recursively for packages in '/home/ronit/WaterRobo'
[0.177s] Level 1:colcon.colcon_core.package_identification:_identify(.) by extensions ['ignore', 'ignore_ament_install']
[0.178s] Level 1:colcon.colcon_core.package_identification:_identify(.) by extension 'ignore'
[0.178s] Level 1:colcon.colcon_core.package_identification:_identify(.) by extension 'ignore_ament_install'
[0.178s] Level 1:colcon.colcon_core.package_identification:_identify(.) by extensions ['colcon_pkg']
[0.178s] Level 1:colcon.colcon_core.package_identification:_identify(.) by extension 'colcon_pkg'
[0.178s] Level 1:colcon.colcon_core.package_identification:_identify(.) by extensions ['colcon_meta']
[0.178s] Level 1:colcon.colcon_core.package_identification:_identify(.) by extension 'colcon_meta'
[0.178s] Level 1:colcon.colcon_core.package_identification:_identify(.) by extensions ['ros']
[0.178s] Level 1:colcon.colcon_core.package_identification:_identify(.) by extension 'ros'
[0.190s] Level 1:colcon.colcon_core.package_identification:_identify(.) by extensions ['cmake', 'python']
[0.190s] Level 1:colcon.colcon_core.package_identification:_identify(.) by extension 'cmake'
[0.190s] Level 1:colcon.colcon_core.package_identification:_identify(.) by extension 'python'
[0.190s] Level 1:colcon.colcon_core.package_identification:_identify(.) by extensions ['python_setup_py']
[0.190s] Level 1:colcon.colcon_core.package_identification:_identify(.) by extension 'python_setup_py'
[0.190s] Level 1:colcon.colcon_core.package_identification:_identify(build) by extensions ['ignore', 'ignore_ament_install']
[0.190s] Level 1:colcon.colcon_core.package_identification:_identify(build) by extension 'ignore'
[0.190s] Level 1:colcon.colcon_core.package_identification:_identify(build) ignored
[0.191s] Level 1:colcon.colcon_core.package_identification:_identify(install) by extensions ['ignore', 'ignore_ament_install']
[0.191s] Level 1:colcon.colcon_core.package_identification:_identify(install) by extension 'ignore'
[0.191s] Level 1:colcon.colcon_core.package_identification:_identify(install) ignored
[0.191s] Level 1:colcon.colcon_core.package_identification:_identify(log) by extensions ['ignore', 'ignore_ament_install']
[0.191s] Level 1:colcon.colcon_core.package_identification:_identify(log) by extension 'ignore'
[0.191s] Level 1:colcon.colcon_core.package_identification:_identify(log) ignored
[0.191s] Level 1:colcon.colcon_core.package_identification:_identify(src) by extensions ['ignore', 'ignore_ament_install']
[0.191s] Level 1:colcon.colcon_core.package_identification:_identify(src) by extension 'ignore'
[0.191s] Level 1:colcon.colcon_core.package_identification:_identify(src) by extension 'ignore_ament_install'
[0.191s] Level 1:colcon.colcon_core.package_identification:_identify(src) by extensions ['colcon_pkg']
[0.191s] Level 1:colcon.colcon_core.package_identification:_identify(src) by extension 'colcon_pkg'
[0.191s] Level 1:colcon.colcon_core.package_identification:_identify(src) by extensions ['colcon_meta']
[0.191s] Level 1:colcon.colcon_core.package_identification:_identify(src) by extension 'colcon_meta'
[0.191s] Level 1:colcon.colcon_core.package_identification:_identify(src) by extensions ['ros']
[0.191s] Level 1:colcon.colcon_core.package_identification:_identify(src) by extension 'ros'
[0.191s] Level 1:colcon.colcon_core.package_identification:_identify(src) by extensions ['cmake', 'python']
[0.191s] Level 1:colcon.colcon_core.package_identification:_identify(src) by extension 'cmake'
[0.191s] Level 1:colcon.colcon_core.package_identification:_identify(src) by extension 'python'
[0.191s] Level 1:colcon.colcon_core.package_identification:_identify(src) by extensions ['python_setup_py']
[0.191s] Level 1:colcon.colcon_core.package_identification:_identify(src) by extension 'python_setup_py'
[0.191s] Level 1:colcon.colcon_core.package_identification:_identify(src/spawner_pkg) by extensions ['ignore', 'ignore_ament_install']
[0.191s] Level 1:colcon.colcon_core.package_identification:_identify(src/spawner_pkg) by extension 'ignore'
[0.191s] Level 1:colcon.colcon_core.package_identification:_identify(src/spawner_pkg) by extension 'ignore_ament_install'
[0.191s] Level 1:colcon.colcon_core.package_identification:_identify(src/spawner_pkg) by extensions ['colcon_pkg']
[0.191s] Level 1:colcon.colcon_core.package_identification:_identify(src/spawner_pkg) by extension 'colcon_pkg'
[0.191s] Level 1:colcon.colcon_core.package_identification:_identify(src/spawner_pkg) by extensions ['colcon_meta']
[0.191s] Level 1:colcon.colcon_core.package_identification:_identify(src/spawner_pkg) by extension 'colcon_meta'
[0.191s] Level 1:colcon.colcon_core.package_identification:_identify(src/spawner_pkg) by extensions ['ros']
[0.191s] Level 1:colcon.colcon_core.package_identification:_identify(src/spawner_pkg) by extension 'ros'
[0.193s] DEBUG:colcon.colcon_core.package_identification:Package 'src/spawner_pkg' with type 'ros.ament_python' and name 'spawner_pkg'
[0.193s] Level 1:colcon.colcon_core.package_identification:_identify(src/test_force) by extensions ['ignore', 'ignore_ament_install']
[0.193s] Level 1:colcon.colcon_core.package_identification:_identify(src/test_force) by extension 'ignore'
[0.193s] Level 1:colcon.colcon_core.package_identification:_identify(src/test_force) by extension 'ignore_ament_install'
[0.193s] Level 1:colcon.colcon_core.package_identification:_identify(src/test_force) by extensions ['colcon_pkg']
[0.193s] Level 1:colcon.colcon_core.package_identification:_identify(src/test_force) by extension 'colcon_pkg'
[0.193s] Level 1:colcon.colcon_core.package_identification:_identify(src/test_force) by extensions ['colcon_meta']
[0.193s] Level 1:colcon.colcon_core.package_identification:_identify(src/test_force) by extension 'colcon_meta'
[0.193s] Level 1:colcon.colcon_core.package_identification:_identify(src/test_force) by extensions ['ros']
[0.193s] Level 1:colcon.colcon_core.package_identification:_identify(src/test_force) by extension 'ros'
[0.193s] DEBUG:colcon.colcon_core.package_identification:Package 'src/test_force' with type 'ros.ament_cmake' and name 'test_force'
[0.194s] Level 1:colcon.colcon_core.package_discovery:discover_packages(recursive) using defaults
[0.194s] Level 1:colcon.colcon_core.package_discovery:discover_packages(ignore) discover
[0.194s] Level 1:colcon.colcon_core.package_discovery:discover_packages(ignore) using defaults
[0.194s] Level 1:colcon.colcon_core.package_discovery:discover_packages(path) discover
[0.194s] Level 1:colcon.colcon_core.package_discovery:discover_packages(path) using defaults
[0.208s] Level 1:colcon.colcon_core.package_discovery:discover_packages(prefix_path) check parameters
[0.209s] Level 1:colcon.colcon_core.package_discovery:discover_packages(prefix_path) discover
[0.210s] DEBUG:colcon.colcon_installed_package_information.package_discovery:Found 277 installed packages in /opt/ros/humble
[0.211s] Level 1:colcon.colcon_core.package_discovery:discover_packages(prefix_path) using defaults
[0.244s] Level 5:colcon.colcon_core.verb:set package 'spawner_pkg' build argument 'cmake_args' from command line to 'None'
[0.244s] Level 5:colcon.colcon_core.verb:set package 'spawner_pkg' build argument 'cmake_target' from command line to 'None'
[0.244s] Level 5:colcon.colcon_core.verb:set package 'spawner_pkg' build argument 'cmake_target_skip_unavailable' from command line to 'False'
[0.244s] Level 5:colcon.colcon_core.verb:set package 'spawner_pkg' build argument 'cmake_clean_cache' from command line to 'False'
[0.244s] Level 5:colcon.colcon_core.verb:set package 'spawner_pkg' build argument 'cmake_clean_first' from command line to 'False'
[0.244s] Level 5:colcon.colcon_core.verb:set package 'spawner_pkg' build argument 'cmake_force_configure' from command line to 'False'
[0.244s] Level 5:colcon.colcon_core.verb:set package 'spawner_pkg' build argument 'ament_cmake_args' from command line to 'None'
[0.244s] Level 5:colcon.colcon_core.verb:set package 'spawner_pkg' build argument 'catkin_cmake_args' from command line to 'None'
[0.244s] Level 5:colcon.colcon_core.verb:set package 'spawner_pkg' build argument 'catkin_skip_building_tests' from command line to 'False'
[0.244s] DEBUG:colcon.colcon_core.verb:Building package 'spawner_pkg' with the following arguments: {'ament_cmake_args': None, 'build_base': '/home/ronit/WaterRobo/build/spawner_pkg', 'catkin_cmake_args': None, 'catkin_skip_building_tests': False, 'cmake_args': None, 'cmake_clean_cache': False, 'cmake_clean_first': False, 'cmake_force_configure': False, 'cmake_target': None, 'cmake_target_skip_unavailable': False, 'install_base': '/home/ronit/WaterRobo/install/spawner_pkg', 'merge_install': False, 'path': '/home/ronit/WaterRobo/src/spawner_pkg', 'symlink_install': False, 'test_result_base': None}
[0.245s] Level 5:colcon.colcon_core.verb:set package 'test_force' build argument 'cmake_args' from command line to 'None'
[0.245s] Level 5:colcon.colcon_core.verb:set package 'test_force' build argument 'cmake_target' from command line to 'None'
[0.245s] Level 5:colcon.colcon_core.verb:set package 'test_force' build argument 'cmake_target_skip_unavailable' from command line to 'False'
[0.245s] Level 5:colcon.colcon_core.verb:set package 'test_force' build argument 'cmake_clean_cache' from command line to 'False'
[0.245s] Level 5:colcon.colcon_core.verb:set package 'test_force' build argument 'cmake_clean_first' from command line to 'False'
[0.245s] Level 5:colcon.colcon_core.verb:set package 'test_force' build argument 'cmake_force_configure' from command line to 'False'
[0.245s] Level 5:colcon.colcon_core.verb:set package 'test_force' build argument 'ament_cmake_args' from command line to 'None'
[0.245s] Level 5:colcon.colcon_core.verb:set package 'test_force' build argument 'catkin_cmake_args' from command line to 'None'
[0.245s] Level 5:colcon.colcon_core.verb:set package 'test_force' build argument 'catkin_skip_building_tests' from command line to 'False'
[0.245s] DEBUG:colcon.colcon_core.verb:Building package 'test_force' with the following arguments: {'ament_cmake_args': None, 'build_base': '/home/ronit/WaterRobo/build/test_force', 'catkin_cmake_args': None, 'catkin_skip_building_tests': False, 'cmake_args': None, 'cmake_clean_cache': False, 'cmake_clean_first': False, 'cmake_force_configure': False, 'cmake_target': None, 'cmake_target_skip_unavailable': False, 'install_base': '/home/ronit/WaterRobo/install/test_force', 'merge_install': False, 'path': '/home/ronit/WaterRobo/src/test_force', 'symlink_install': False, 'test_result_base': None}
[0.245s] INFO:colcon.colcon_core.executor:Executing jobs using 'parallel' executor
[0.247s] DEBUG:colcon.colcon_parallel_executor.executor.parallel:run_until_complete
[0.248s] INFO:colcon.colcon_ros.task.ament_python.build:Building ROS package in '/home/ronit/WaterRobo/src/spawner_pkg' with build type 'ament_python'
[0.248s] Level 1:colcon.colcon_core.shell:create_environment_hook('spawner_pkg', 'ament_prefix_path')
[0.250s] INFO:colcon.colcon_core.plugin_system:Skipping extension 'colcon_core.shell.bat': Not used on non-Windows systems
[0.250s] INFO:colcon.colcon_core.shell:Creating environment hook '/home/ronit/WaterRobo/install/spawner_pkg/share/spawner_pkg/hook/ament_prefix_path.ps1'
[0.251s] INFO:colcon.colcon_core.shell:Creating environment descriptor '/home/ronit/WaterRobo/install/spawner_pkg/share/spawner_pkg/hook/ament_prefix_path.dsv'
[0.251s] INFO:colcon.colcon_core.shell:Creating environment hook '/home/ronit/WaterRobo/install/spawner_pkg/share/spawner_pkg/hook/ament_prefix_path.sh'
[0.252s] INFO:colcon.colcon_core.shell:Skip shell extension 'powershell' for command environment: Not usable outside of PowerShell
[0.252s] DEBUG:colcon.colcon_core.shell:Skip shell extension 'dsv' for command environment
[0.254s] INFO:colcon.colcon_ros.task.ament_cmake.build:Building ROS package in '/home/ronit/WaterRobo/src/test_force' with build type 'ament_cmake'
[0.254s] INFO:colcon.colcon_cmake.task.cmake.build:Building CMake package in '/home/ronit/WaterRobo/src/test_force'
[0.254s] INFO:colcon.colcon_core.shell:Skip shell extension 'powershell' for command environment: Not usable outside of PowerShell
[0.255s] DEBUG:colcon.colcon_core.shell:Skip shell extension 'dsv' for command environment
[0.390s] INFO:colcon.colcon_core.task.python.build:Building Python package in '/home/ronit/WaterRobo/src/spawner_pkg'
[0.391s] INFO:colcon.colcon_core.shell:Skip shell extension 'powershell' for command environment: Not usable outside of PowerShell
[0.391s] DEBUG:colcon.colcon_core.shell:Skip shell extension 'dsv' for command environment
[0.398s] DEBUG:colcon.colcon_core.event_handler.log_command:Invoking command in '/home/ronit/WaterRobo/build/test_force': CMAKE_PREFIX_PATH=/opt/ros/humble /usr/bin/cmake --build /home/ronit/WaterRobo/build/test_force -- -j12 -l12
[0.433s] DEBUG:colcon.colcon_core.event_handler.log_command:Invoked command in '/home/ronit/WaterRobo/build/test_force' returned '0': CMAKE_PREFIX_PATH=/opt/ros/humble /usr/bin/cmake --build /home/ronit/WaterRobo/build/test_force -- -j12 -l12
[0.449s] DEBUG:colcon.colcon_core.event_handler.log_command:Invoking command in '/home/ronit/WaterRobo/build/test_force': CMAKE_PREFIX_PATH=/opt/ros/humble /usr/bin/cmake --install /home/ronit/WaterRobo/build/test_force
[0.454s] Level 1:colcon.colcon_core.environment:create_environment_scripts_only(test_force)
[0.455s] DEBUG:colcon.colcon_core.event_handler.log_command:Invoked command in '/home/ronit/WaterRobo/build/test_force' returned '0': CMAKE_PREFIX_PATH=/opt/ros/humble /usr/bin/cmake --install /home/ronit/WaterRobo/build/test_force
[0.459s] Level 1:colcon.colcon_core.environment:checking '/home/ronit/WaterRobo/install/test_force' for CMake module files
[0.460s] Level 1:colcon.colcon_core.environment:checking '/home/ronit/WaterRobo/install/test_force' for CMake config files
[0.460s] Level 1:colcon.colcon_core.shell:create_environment_hook('test_force', 'cmake_prefix_path')
[0.461s] INFO:colcon.colcon_core.shell:Creating environment hook '/home/ronit/WaterRobo/install/test_force/share/test_force/hook/cmake_prefix_path.ps1'
[0.462s] INFO:colcon.colcon_core.shell:Creating environment descriptor '/home/ronit/WaterRobo/install/test_force/share/test_force/hook/cmake_prefix_path.dsv'
[0.462s] INFO:colcon.colcon_core.shell:Creating environment hook '/home/ronit/WaterRobo/install/test_force/share/test_force/hook/cmake_prefix_path.sh'
[0.463s] Level 1:colcon.colcon_core.environment:checking '/home/ronit/WaterRobo/install/test_force/lib'
[0.463s] Level 1:colcon.colcon_core.environment:checking '/home/ronit/WaterRobo/install/test_force/bin'
[0.463s] Level 1:colcon.colcon_core.environment:checking '/home/ronit/WaterRobo/install/test_force/lib/pkgconfig/test_force.pc'
[0.463s] Level 1:colcon.colcon_core.environment:checking '/home/ronit/WaterRobo/install/test_force/lib/python3.10/site-packages'
[0.463s] Level 1:colcon.colcon_core.environment:checking '/home/ronit/WaterRobo/install/test_force/bin'
[0.465s] INFO:colcon.colcon_core.shell:Creating package script '/home/ronit/WaterRobo/install/test_force/share/test_force/package.ps1'
[0.465s] INFO:colcon.colcon_core.shell:Creating package descriptor '/home/ronit/WaterRobo/install/test_force/share/test_force/package.dsv'
[0.466s] INFO:colcon.colcon_core.shell:Creating package script '/home/ronit/WaterRobo/install/test_force/share/test_force/package.sh'
[0.467s] INFO:colcon.colcon_core.shell:Creating package script '/home/ronit/WaterRobo/install/test_force/share/test_force/package.bash'
[0.467s] INFO:colcon.colcon_core.shell:Creating package script '/home/ronit/WaterRobo/install/test_force/share/test_force/package.zsh'
[0.468s] Level 1:colcon.colcon_core.environment:create_file_with_runtime_dependencies(/home/ronit/WaterRobo/install/test_force/share/colcon-core/packages/test_force)
[0.481s] Level 1:colcon.colcon_core.environment:create_environment_scripts_only(test_force)
[0.483s] Level 1:colcon.colcon_core.environment:checking '/home/ronit/WaterRobo/install/test_force' for CMake module files
[0.483s] Level 1:colcon.colcon_core.environment:checking '/home/ronit/WaterRobo/install/test_force' for CMake config files
[0.484s] Level 1:colcon.colcon_core.shell:create_environment_hook('test_force', 'cmake_prefix_path')
[0.485s] INFO:colcon.colcon_core.shell:Creating environment hook '/home/ronit/WaterRobo/install/test_force/share/test_force/hook/cmake_prefix_path.ps1'
[0.485s] INFO:colcon.colcon_core.shell:Creating environment descriptor '/home/ronit/WaterRobo/install/test_force/share/test_force/hook/cmake_prefix_path.dsv'
[0.486s] INFO:colcon.colcon_core.shell:Creating environment hook '/home/ronit/WaterRobo/install/test_force/share/test_force/hook/cmake_prefix_path.sh'
[0.486s] Level 1:colcon.colcon_core.environment:checking '/home/ronit/WaterRobo/install/test_force/lib'
[0.486s] Level 1:colcon.colcon_core.environment:checking '/home/ronit/WaterRobo/install/test_force/bin'
[0.486s] Level 1:colcon.colcon_core.environment:checking '/home/ronit/WaterRobo/install/test_force/lib/pkgconfig/test_force.pc'
[0.487s] Level 1:colcon.colcon_core.environment:checking '/home/ronit/WaterRobo/install/test_force/lib/python3.10/site-packages'
[0.487s] Level 1:colcon.colcon_core.environment:checking '/home/ronit/WaterRobo/install/test_force/bin'
[0.488s] INFO:colcon.colcon_core.shell:Creating package script '/home/ronit/WaterRobo/install/test_force/share/test_force/package.ps1'
[0.489s] INFO:colcon.colcon_core.shell:Creating package descriptor '/home/ronit/WaterRobo/install/test_force/share/test_force/package.dsv'
[0.489s] INFO:colcon.colcon_core.shell:Creating package script '/home/ronit/WaterRobo/install/test_force/share/test_force/package.sh'
[0.489s] INFO:colcon.colcon_core.shell:Creating package script '/home/ronit/WaterRobo/install/test_force/share/test_force/package.bash'
[0.490s] INFO:colcon.colcon_core.shell:Creating package script '/home/ronit/WaterRobo/install/test_force/share/test_force/package.zsh'
[0.490s] Level 1:colcon.colcon_core.environment:create_file_with_runtime_dependencies(/home/ronit/WaterRobo/install/test_force/share/colcon-core/packages/test_force)
[0.602s] DEBUG:colcon.colcon_core.event_handler.log_command:Invoking command in '/home/ronit/WaterRobo/src/spawner_pkg': PYTHONPATH=/home/ronit/WaterRobo/build/spawner_pkg/prefix_override:/home/ronit/WaterRobo/install/spawner_pkg/lib/python3.10/site-packages:${PYTHONPATH} /usr/bin/python3 setup.py egg_info --egg-base ../../build/spawner_pkg build --build-base /home/ronit/WaterRobo/build/spawner_pkg/build install --record /home/ronit/WaterRobo/build/spawner_pkg/install.log --single-version-externally-managed
[0.768s] Level 1:colcon.colcon_core.environment:checking '/home/ronit/WaterRobo/install/spawner_pkg' for CMake module files
[0.769s] DEBUG:colcon.colcon_core.event_handler.log_command:Invoked command in '/home/ronit/WaterRobo/src/spawner_pkg' returned '0': PYTHONPATH=/home/ronit/WaterRobo/build/spawner_pkg/prefix_override:/home/ronit/WaterRobo/install/spawner_pkg/lib/python3.10/site-packages:${PYTHONPATH} /usr/bin/python3 setup.py egg_info --egg-base ../../build/spawner_pkg build --build-base /home/ronit/WaterRobo/build/spawner_pkg/build install --record /home/ronit/WaterRobo/build/spawner_pkg/install.log --single-version-externally-managed
[0.769s] Level 1:colcon.colcon_core.environment:checking '/home/ronit/WaterRobo/install/spawner_pkg' for CMake config files
[0.770s] Level 1:colcon.colcon_core.environment:checking '/home/ronit/WaterRobo/install/spawner_pkg/lib'
[0.770s] Level 1:colcon.colcon_core.environment:checking '/home/ronit/WaterRobo/install/spawner_pkg/bin'
[0.770s] Level 1:colcon.colcon_core.shell:create_environment_hook('spawner_pkg', 'path')
[0.770s] INFO:colcon.colcon_core.shell:Creating environment hook '/home/ronit/WaterRobo/install/spawner_pkg/share/spawner_pkg/hook/path.ps1'
[0.771s] INFO:colcon.colcon_core.shell:Creating environment descriptor '/home/ronit/WaterRobo/install/spawner_pkg/share/spawner_pkg/hook/path.dsv'
[0.771s] INFO:colcon.colcon_core.shell:Creating environment hook '/home/ronit/WaterRobo/install/spawner_pkg/share/spawner_pkg/hook/path.sh'
[0.771s] Level 1:colcon.colcon_core.environment:checking '/home/ronit/WaterRobo/install/spawner_pkg/lib/pkgconfig/spawner_pkg.pc'
[0.771s] Level 1:colcon.colcon_core.environment:checking '/home/ronit/WaterRobo/install/spawner_pkg/lib/python3.10/site-packages'
[0.771s] Level 1:colcon.colcon_core.shell:create_environment_hook('spawner_pkg', 'pythonpath')
[0.772s] INFO:colcon.colcon_core.shell:Creating environment hook '/home/ronit/WaterRobo/install/spawner_pkg/share/spawner_pkg/hook/pythonpath.ps1'
[0.772s] INFO:colcon.colcon_core.shell:Creating environment descriptor '/home/ronit/WaterRobo/install/spawner_pkg/share/spawner_pkg/hook/pythonpath.dsv'
[0.772s] INFO:colcon.colcon_core.shell:Creating environment hook '/home/ronit/WaterRobo/install/spawner_pkg/share/spawner_pkg/hook/pythonpath.sh'
[0.772s] Level 1:colcon.colcon_core.environment:checking '/home/ronit/WaterRobo/install/spawner_pkg/bin'
[0.773s] Level 1:colcon.colcon_core.shell:create_environment_hook('spawner_pkg', 'pythonscriptspath')
[0.773s] INFO:colcon.colcon_core.shell:Creating environment hook '/home/ronit/WaterRobo/install/spawner_pkg/share/spawner_pkg/hook/pythonscriptspath.ps1'
[0.773s] INFO:colcon.colcon_core.shell:Creating environment descriptor '/home/ronit/WaterRobo/install/spawner_pkg/share/spawner_pkg/hook/pythonscriptspath.dsv'
[0.773s] INFO:colcon.colcon_core.shell:Creating environment hook '/home/ronit/WaterRobo/install/spawner_pkg/share/spawner_pkg/hook/pythonscriptspath.sh'
[0.774s] Level 1:colcon.colcon_core.environment:create_environment_scripts_only(spawner_pkg)
[0.774s] INFO:colcon.colcon_core.shell:Creating package script '/home/ronit/WaterRobo/install/spawner_pkg/share/spawner_pkg/package.ps1'
[0.775s] INFO:colcon.colcon_core.shell:Creating package descriptor '/home/ronit/WaterRobo/install/spawner_pkg/share/spawner_pkg/package.dsv'
[0.775s] INFO:colcon.colcon_core.shell:Creating package script '/home/ronit/WaterRobo/install/spawner_pkg/share/spawner_pkg/package.sh'
[0.775s] INFO:colcon.colcon_core.shell:Creating package script '/home/ronit/WaterRobo/install/spawner_pkg/share/spawner_pkg/package.bash'
[0.775s] INFO:colcon.colcon_core.shell:Creating package script '/home/ronit/WaterRobo/install/spawner_pkg/share/spawner_pkg/package.zsh'
[0.776s] Level 1:colcon.colcon_core.environment:create_file_with_runtime_dependencies(/home/ronit/WaterRobo/install/spawner_pkg/share/colcon-core/packages/spawner_pkg)
[0.776s] DEBUG:colcon.colcon_parallel_executor.executor.parallel:closing loop
[0.776s] DEBUG:colcon.colcon_parallel_executor.executor.parallel:loop closed
[0.776s] DEBUG:colcon.colcon_parallel_executor.executor.parallel:run_until_complete finished with '0'
[0.776s] DEBUG:colcon.colcon_core.event_reactor:joining thread
[0.781s] INFO:colcon.colcon_core.plugin_system:Skipping extension 'colcon_notification.desktop_notification.terminal_notifier': Not used on non-Darwin systems
[0.782s] INFO:colcon.colcon_core.plugin_system:Skipping extension 'colcon_notification.desktop_notification.win32': Not used on non-Windows systems
[0.782s] INFO:colcon.colcon_notification.desktop_notification:Sending desktop notification using 'notify2'
[0.797s] DEBUG:colcon.colcon_core.event_reactor:joined thread
[0.799s] INFO:colcon.colcon_core.shell:Creating prefix script '/home/ronit/WaterRobo/install/local_setup.ps1'
[0.800s] INFO:colcon.colcon_core.shell:Creating prefix util module '/home/ronit/WaterRobo/install/_local_setup_util_ps1.py'
[0.801s] INFO:colcon.colcon_core.shell:Creating prefix chain script '/home/ronit/WaterRobo/install/setup.ps1'
[0.802s] INFO:colcon.colcon_core.shell:Creating prefix script '/home/ronit/WaterRobo/install/local_setup.sh'
[0.803s] INFO:colcon.colcon_core.shell:Creating prefix util module '/home/ronit/WaterRobo/install/_local_setup_util_sh.py'
[0.803s] INFO:colcon.colcon_core.shell:Creating prefix chain script '/home/ronit/WaterRobo/install/setup.sh'
[0.805s] INFO:colcon.colcon_core.shell:Creating prefix script '/home/ronit/WaterRobo/install/local_setup.bash'
[0.805s] INFO:colcon.colcon_core.shell:Creating prefix chain script '/home/ronit/WaterRobo/install/setup.bash'
[0.806s] INFO:colcon.colcon_core.shell:Creating prefix script '/home/ronit/WaterRobo/install/local_setup.zsh'
[0.807s] INFO:colcon.colcon_core.shell:Creating prefix chain script '/home/ronit/WaterRobo/install/setup.zsh'
