[0.174s] DEBUG:colcon:Command line arguments: ['/usr/bin/colcon', 'build']
[0.174s] DEBUG:colcon:Parsed command line arguments: Namespace(log_base=None, log_level=None, verb_name='build', build_base='build', install_base='install', merge_install=False, symlink_install=False, test_result_base=None, continue_on_error=False, executor='parallel', parallel_workers=12, event_handlers=None, ignore_user_meta=False, metas=['./colcon.meta'], base_paths=['.'], packages_ignore=None, packages_ignore_regex=None, paths=None, packages_up_to=None, packages_up_to_regex=None, packages_above=None, packages_above_and_dependencies=None, packages_above_depth=None, packages_select_by_dep=None, packages_skip_by_dep=None, packages_skip_up_to=None, packages_select_build_failed=False, packages_skip_build_finished=False, packages_select_test_failures=False, packages_skip_test_passed=False, packages_select=None, packages_skip=None, packages_select_regex=None, packages_skip_regex=None, packages_start=None, packages_end=None, allow_overriding=[], cmake_args=None, cmake_target=None, cmake_target_skip_unavailable=False, cmake_clean_cache=False, cmake_clean_first=False, cmake_force_configure=False, ament_cmake_args=None, catkin_cmake_args=None, catkin_skip_building_tests=False, verb_parser=<colcon_defaults.argument_parser.defaults.DefaultArgumentsDecorator object at 0x7fc0c65c9720>, verb_extension=<colcon_core.verb.build.BuildVerb object at 0x7fc0c6f7ab30>, main=<bound method BuildVerb.main of <colcon_core.verb.build.BuildVerb object at 0x7fc0c6f7ab30>>)
[0.187s] Level 1:colcon.colcon_core.package_discovery:discover_packages(colcon_meta) check parameters
[0.187s] Level 1:colcon.colcon_core.package_discovery:discover_packages(recursive) check parameters
[0.187s] Level 1:colcon.colcon_core.package_discovery:discover_packages(ignore) check parameters
[0.187s] Level 1:colcon.colcon_core.package_discovery:discover_packages(path) check parameters
[0.187s] Level 1:colcon.colcon_core.package_discovery:discover_packages(colcon_meta) discover
[0.187s] Level 1:colcon.colcon_core.package_discovery:discover_packages(recursive) discover
[0.187s] INFO:colcon.colcon_core.package_discovery:Crawling recursively for packages in '/home/ronit/WaterRobo'
[0.187s] Level 1:colcon.colcon_core.package_identification:_identify(.) by extensions ['ignore', 'ignore_ament_install']
[0.187s] Level 1:colcon.colcon_core.package_identification:_identify(.) by extension 'ignore'
[0.187s] Level 1:colcon.colcon_core.package_identification:_identify(.) by extension 'ignore_ament_install'
[0.187s] Level 1:colcon.colcon_core.package_identification:_identify(.) by extensions ['colcon_pkg']
[0.187s] Level 1:colcon.colcon_core.package_identification:_identify(.) by extension 'colcon_pkg'
[0.187s] Level 1:colcon.colcon_core.package_identification:_identify(.) by extensions ['colcon_meta']
[0.187s] Level 1:colcon.colcon_core.package_identification:_identify(.) by extension 'colcon_meta'
[0.187s] Level 1:colcon.colcon_core.package_identification:_identify(.) by extensions ['ros']
[0.187s] Level 1:colcon.colcon_core.package_identification:_identify(.) by extension 'ros'
[0.200s] Level 1:colcon.colcon_core.package_identification:_identify(.) by extensions ['cmake', 'python']
[0.200s] Level 1:colcon.colcon_core.package_identification:_identify(.) by extension 'cmake'
[0.200s] Level 1:colcon.colcon_core.package_identification:_identify(.) by extension 'python'
[0.200s] Level 1:colcon.colcon_core.package_identification:_identify(.) by extensions ['python_setup_py']
[0.200s] Level 1:colcon.colcon_core.package_identification:_identify(.) by extension 'python_setup_py'
[0.200s] Level 1:colcon.colcon_core.package_identification:_identify(build) by extensions ['ignore', 'ignore_ament_install']
[0.200s] Level 1:colcon.colcon_core.package_identification:_identify(build) by extension 'ignore'
[0.200s] Level 1:colcon.colcon_core.package_identification:_identify(build) ignored
[0.200s] Level 1:colcon.colcon_core.package_identification:_identify(install) by extensions ['ignore', 'ignore_ament_install']
[0.200s] Level 1:colcon.colcon_core.package_identification:_identify(install) by extension 'ignore'
[0.200s] Level 1:colcon.colcon_core.package_identification:_identify(install) ignored
[0.201s] Level 1:colcon.colcon_core.package_identification:_identify(log) by extensions ['ignore', 'ignore_ament_install']
[0.201s] Level 1:colcon.colcon_core.package_identification:_identify(log) by extension 'ignore'
[0.201s] Level 1:colcon.colcon_core.package_identification:_identify(log) ignored
[0.201s] Level 1:colcon.colcon_core.package_identification:_identify(src) by extensions ['ignore', 'ignore_ament_install']
[0.201s] Level 1:colcon.colcon_core.package_identification:_identify(src) by extension 'ignore'
[0.201s] Level 1:colcon.colcon_core.package_identification:_identify(src) by extension 'ignore_ament_install'
[0.201s] Level 1:colcon.colcon_core.package_identification:_identify(src) by extensions ['colcon_pkg']
[0.201s] Level 1:colcon.colcon_core.package_identification:_identify(src) by extension 'colcon_pkg'
[0.201s] Level 1:colcon.colcon_core.package_identification:_identify(src) by extensions ['colcon_meta']
[0.201s] Level 1:colcon.colcon_core.package_identification:_identify(src) by extension 'colcon_meta'
[0.201s] Level 1:colcon.colcon_core.package_identification:_identify(src) by extensions ['ros']
[0.201s] Level 1:colcon.colcon_core.package_identification:_identify(src) by extension 'ros'
[0.201s] Level 1:colcon.colcon_core.package_identification:_identify(src) by extensions ['cmake', 'python']
[0.201s] Level 1:colcon.colcon_core.package_identification:_identify(src) by extension 'cmake'
[0.201s] Level 1:colcon.colcon_core.package_identification:_identify(src) by extension 'python'
[0.201s] Level 1:colcon.colcon_core.package_identification:_identify(src) by extensions ['python_setup_py']
[0.201s] Level 1:colcon.colcon_core.package_identification:_identify(src) by extension 'python_setup_py'
[0.201s] Level 1:colcon.colcon_core.package_identification:_identify(src/spawner_pkg) by extensions ['ignore', 'ignore_ament_install']
[0.201s] Level 1:colcon.colcon_core.package_identification:_identify(src/spawner_pkg) by extension 'ignore'
[0.201s] Level 1:colcon.colcon_core.package_identification:_identify(src/spawner_pkg) by extension 'ignore_ament_install'
[0.201s] Level 1:colcon.colcon_core.package_identification:_identify(src/spawner_pkg) by extensions ['colcon_pkg']
[0.201s] Level 1:colcon.colcon_core.package_identification:_identify(src/spawner_pkg) by extension 'colcon_pkg'
[0.201s] Level 1:colcon.colcon_core.package_identification:_identify(src/spawner_pkg) by extensions ['colcon_meta']
[0.201s] Level 1:colcon.colcon_core.package_identification:_identify(src/spawner_pkg) by extension 'colcon_meta'
[0.201s] Level 1:colcon.colcon_core.package_identification:_identify(src/spawner_pkg) by extensions ['ros']
[0.201s] Level 1:colcon.colcon_core.package_identification:_identify(src/spawner_pkg) by extension 'ros'
[0.203s] DEBUG:colcon.colcon_core.package_identification:Package 'src/spawner_pkg' with type 'ros.ament_python' and name 'spawner_pkg'
[0.203s] Level 1:colcon.colcon_core.package_identification:_identify(src/test_force) by extensions ['ignore', 'ignore_ament_install']
[0.203s] Level 1:colcon.colcon_core.package_identification:_identify(src/test_force) by extension 'ignore'
[0.203s] Level 1:colcon.colcon_core.package_identification:_identify(src/test_force) by extension 'ignore_ament_install'
[0.203s] Level 1:colcon.colcon_core.package_identification:_identify(src/test_force) by extensions ['colcon_pkg']
[0.203s] Level 1:colcon.colcon_core.package_identification:_identify(src/test_force) by extension 'colcon_pkg'
[0.203s] Level 1:colcon.colcon_core.package_identification:_identify(src/test_force) by extensions ['colcon_meta']
[0.203s] Level 1:colcon.colcon_core.package_identification:_identify(src/test_force) by extension 'colcon_meta'
[0.203s] Level 1:colcon.colcon_core.package_identification:_identify(src/test_force) by extensions ['ros']
[0.203s] Level 1:colcon.colcon_core.package_identification:_identify(src/test_force) by extension 'ros'
[0.203s] DEBUG:colcon.colcon_core.package_identification:Package 'src/test_force' with type 'ros.ament_cmake' and name 'test_force'
[0.203s] Level 1:colcon.colcon_core.package_discovery:discover_packages(recursive) using defaults
[0.203s] Level 1:colcon.colcon_core.package_discovery:discover_packages(ignore) discover
[0.203s] Level 1:colcon.colcon_core.package_discovery:discover_packages(ignore) using defaults
[0.203s] Level 1:colcon.colcon_core.package_discovery:discover_packages(path) discover
[0.203s] Level 1:colcon.colcon_core.package_discovery:discover_packages(path) using defaults
[0.219s] Level 1:colcon.colcon_core.package_discovery:discover_packages(prefix_path) check parameters
[0.219s] Level 1:colcon.colcon_core.package_discovery:discover_packages(prefix_path) discover
[0.221s] DEBUG:colcon.colcon_installed_package_information.package_discovery:Found 2 installed packages in /home/ronit/WaterRobo/install
[0.221s] DEBUG:colcon.colcon_installed_package_information.package_discovery:Found 277 installed packages in /opt/ros/humble
[0.222s] Level 1:colcon.colcon_core.package_discovery:discover_packages(prefix_path) using defaults
[0.256s] Level 5:colcon.colcon_core.verb:set package 'spawner_pkg' build argument 'cmake_args' from command line to 'None'
[0.256s] Level 5:colcon.colcon_core.verb:set package 'spawner_pkg' build argument 'cmake_target' from command line to 'None'
[0.256s] Level 5:colcon.colcon_core.verb:set package 'spawner_pkg' build argument 'cmake_target_skip_unavailable' from command line to 'False'
[0.256s] Level 5:colcon.colcon_core.verb:set package 'spawner_pkg' build argument 'cmake_clean_cache' from command line to 'False'
[0.256s] Level 5:colcon.colcon_core.verb:set package 'spawner_pkg' build argument 'cmake_clean_first' from command line to 'False'
[0.256s] Level 5:colcon.colcon_core.verb:set package 'spawner_pkg' build argument 'cmake_force_configure' from command line to 'False'
[0.256s] Level 5:colcon.colcon_core.verb:set package 'spawner_pkg' build argument 'ament_cmake_args' from command line to 'None'
[0.256s] Level 5:colcon.colcon_core.verb:set package 'spawner_pkg' build argument 'catkin_cmake_args' from command line to 'None'
[0.256s] Level 5:colcon.colcon_core.verb:set package 'spawner_pkg' build argument 'catkin_skip_building_tests' from command line to 'False'
[0.256s] DEBUG:colcon.colcon_core.verb:Building package 'spawner_pkg' with the following arguments: {'ament_cmake_args': None, 'build_base': '/home/ronit/WaterRobo/build/spawner_pkg', 'catkin_cmake_args': None, 'catkin_skip_building_tests': False, 'cmake_args': None, 'cmake_clean_cache': False, 'cmake_clean_first': False, 'cmake_force_configure': False, 'cmake_target': None, 'cmake_target_skip_unavailable': False, 'install_base': '/home/ronit/WaterRobo/install/spawner_pkg', 'merge_install': False, 'path': '/home/ronit/WaterRobo/src/spawner_pkg', 'symlink_install': False, 'test_result_base': None}
[0.256s] Level 5:colcon.colcon_core.verb:set package 'test_force' build argument 'cmake_args' from command line to 'None'
[0.256s] Level 5:colcon.colcon_core.verb:set package 'test_force' build argument 'cmake_target' from command line to 'None'
[0.256s] Level 5:colcon.colcon_core.verb:set package 'test_force' build argument 'cmake_target_skip_unavailable' from command line to 'False'
[0.256s] Level 5:colcon.colcon_core.verb:set package 'test_force' build argument 'cmake_clean_cache' from command line to 'False'
[0.256s] Level 5:colcon.colcon_core.verb:set package 'test_force' build argument 'cmake_clean_first' from command line to 'False'
[0.256s] Level 5:colcon.colcon_core.verb:set package 'test_force' build argument 'cmake_force_configure' from command line to 'False'
[0.256s] Level 5:colcon.colcon_core.verb:set package 'test_force' build argument 'ament_cmake_args' from command line to 'None'
[0.256s] Level 5:colcon.colcon_core.verb:set package 'test_force' build argument 'catkin_cmake_args' from command line to 'None'
[0.256s] Level 5:colcon.colcon_core.verb:set package 'test_force' build argument 'catkin_skip_building_tests' from command line to 'False'
[0.256s] DEBUG:colcon.colcon_core.verb:Building package 'test_force' with the following arguments: {'ament_cmake_args': None, 'build_base': '/home/ronit/WaterRobo/build/test_force', 'catkin_cmake_args': None, 'catkin_skip_building_tests': False, 'cmake_args': None, 'cmake_clean_cache': False, 'cmake_clean_first': False, 'cmake_force_configure': False, 'cmake_target': None, 'cmake_target_skip_unavailable': False, 'install_base': '/home/ronit/WaterRobo/install/test_force', 'merge_install': False, 'path': '/home/ronit/WaterRobo/src/test_force', 'symlink_install': False, 'test_result_base': None}
[0.257s] INFO:colcon.colcon_core.executor:Executing jobs using 'parallel' executor
[0.259s] DEBUG:colcon.colcon_parallel_executor.executor.parallel:run_until_complete
[0.259s] INFO:colcon.colcon_ros.task.ament_python.build:Building ROS package in '/home/ronit/WaterRobo/src/spawner_pkg' with build type 'ament_python'
[0.259s] Level 1:colcon.colcon_core.shell:create_environment_hook('spawner_pkg', 'ament_prefix_path')
[0.263s] INFO:colcon.colcon_core.plugin_system:Skipping extension 'colcon_core.shell.bat': Not used on non-Windows systems
[0.263s] INFO:colcon.colcon_core.shell:Creating environment hook '/home/ronit/WaterRobo/install/spawner_pkg/share/spawner_pkg/hook/ament_prefix_path.ps1'
[0.263s] INFO:colcon.colcon_core.shell:Creating environment descriptor '/home/ronit/WaterRobo/install/spawner_pkg/share/spawner_pkg/hook/ament_prefix_path.dsv'
[0.263s] INFO:colcon.colcon_core.shell:Creating environment hook '/home/ronit/WaterRobo/install/spawner_pkg/share/spawner_pkg/hook/ament_prefix_path.sh'
[0.264s] INFO:colcon.colcon_core.shell:Skip shell extension 'powershell' for command environment: Not usable outside of PowerShell
[0.264s] DEBUG:colcon.colcon_core.shell:Skip shell extension 'dsv' for command environment
[0.267s] INFO:colcon.colcon_ros.task.ament_cmake.build:Building ROS package in '/home/ronit/WaterRobo/src/test_force' with build type 'ament_cmake'
[0.267s] INFO:colcon.colcon_cmake.task.cmake.build:Building CMake package in '/home/ronit/WaterRobo/src/test_force'
[0.268s] INFO:colcon.colcon_core.shell:Skip shell extension 'powershell' for command environment: Not usable outside of PowerShell
[0.268s] DEBUG:colcon.colcon_core.shell:Skip shell extension 'dsv' for command environment
[0.415s] INFO:colcon.colcon_core.task.python.build:Building Python package in '/home/ronit/WaterRobo/src/spawner_pkg'
[0.417s] INFO:colcon.colcon_core.shell:Skip shell extension 'powershell' for command environment: Not usable outside of PowerShell
[0.417s] DEBUG:colcon.colcon_core.shell:Skip shell extension 'dsv' for command environment
[0.424s] DEBUG:colcon.colcon_core.event_handler.log_command:Invoking command in '/home/ronit/WaterRobo/build/test_force': CMAKE_PREFIX_PATH=${CMAKE_PREFIX_PATH}:/home/ronit/WaterRobo/install/spawner_pkg:/opt/ros/humble /usr/bin/cmake --build /home/ronit/WaterRobo/build/test_force -- -j12 -l12
[0.633s] DEBUG:colcon.colcon_core.event_handler.log_command:Invoking command in '/home/ronit/WaterRobo/src/spawner_pkg': PYTHONPATH=/home/ronit/WaterRobo/build/spawner_pkg/prefix_override:/home/ronit/WaterRobo/install/spawner_pkg/lib/python3.10/site-packages:${PYTHONPATH} /usr/bin/python3 setup.py egg_info --egg-base ../../build/spawner_pkg build --build-base /home/ronit/WaterRobo/build/spawner_pkg/build install --record /home/ronit/WaterRobo/build/spawner_pkg/install.log --single-version-externally-managed
[0.816s] DEBUG:colcon.colcon_core.event_handler.log_command:Invoked command in '/home/ronit/WaterRobo/src/spawner_pkg' returned '0': PYTHONPATH=/home/ronit/WaterRobo/build/spawner_pkg/prefix_override:/home/ronit/WaterRobo/install/spawner_pkg/lib/python3.10/site-packages:${PYTHONPATH} /usr/bin/python3 setup.py egg_info --egg-base ../../build/spawner_pkg build --build-base /home/ronit/WaterRobo/build/spawner_pkg/build install --record /home/ronit/WaterRobo/build/spawner_pkg/install.log --single-version-externally-managed
[0.820s] Level 1:colcon.colcon_core.environment:checking '/home/ronit/WaterRobo/install/spawner_pkg' for CMake module files
[0.821s] Level 1:colcon.colcon_core.environment:checking '/home/ronit/WaterRobo/install/spawner_pkg' for CMake config files
[0.821s] Level 1:colcon.colcon_core.environment:checking '/home/ronit/WaterRobo/install/spawner_pkg/lib'
[0.821s] Level 1:colcon.colcon_core.environment:checking '/home/ronit/WaterRobo/install/spawner_pkg/bin'
[0.821s] Level 1:colcon.colcon_core.shell:create_environment_hook('spawner_pkg', 'path')
[0.822s] INFO:colcon.colcon_core.shell:Creating environment hook '/home/ronit/WaterRobo/install/spawner_pkg/share/spawner_pkg/hook/path.ps1'
[0.822s] INFO:colcon.colcon_core.shell:Creating environment descriptor '/home/ronit/WaterRobo/install/spawner_pkg/share/spawner_pkg/hook/path.dsv'
[0.822s] INFO:colcon.colcon_core.shell:Creating environment hook '/home/ronit/WaterRobo/install/spawner_pkg/share/spawner_pkg/hook/path.sh'
[0.823s] Level 1:colcon.colcon_core.environment:checking '/home/ronit/WaterRobo/install/spawner_pkg/lib/pkgconfig/spawner_pkg.pc'
[0.823s] Level 1:colcon.colcon_core.environment:checking '/home/ronit/WaterRobo/install/spawner_pkg/lib/python3.10/site-packages'
[0.823s] Level 1:colcon.colcon_core.shell:create_environment_hook('spawner_pkg', 'pythonpath')
[0.824s] INFO:colcon.colcon_core.shell:Creating environment hook '/home/ronit/WaterRobo/install/spawner_pkg/share/spawner_pkg/hook/pythonpath.ps1'
[0.824s] INFO:colcon.colcon_core.shell:Creating environment descriptor '/home/ronit/WaterRobo/install/spawner_pkg/share/spawner_pkg/hook/pythonpath.dsv'
[0.824s] INFO:colcon.colcon_core.shell:Creating environment hook '/home/ronit/WaterRobo/install/spawner_pkg/share/spawner_pkg/hook/pythonpath.sh'
[0.824s] Level 1:colcon.colcon_core.environment:checking '/home/ronit/WaterRobo/install/spawner_pkg/bin'
[0.824s] Level 1:colcon.colcon_core.shell:create_environment_hook('spawner_pkg', 'pythonscriptspath')
[0.825s] INFO:colcon.colcon_core.shell:Creating environment hook '/home/ronit/WaterRobo/install/spawner_pkg/share/spawner_pkg/hook/pythonscriptspath.ps1'
[0.825s] INFO:colcon.colcon_core.shell:Creating environment descriptor '/home/ronit/WaterRobo/install/spawner_pkg/share/spawner_pkg/hook/pythonscriptspath.dsv'
[0.825s] INFO:colcon.colcon_core.shell:Creating environment hook '/home/ronit/WaterRobo/install/spawner_pkg/share/spawner_pkg/hook/pythonscriptspath.sh'
[0.826s] Level 1:colcon.colcon_core.environment:create_environment_scripts_only(spawner_pkg)
[0.826s] INFO:colcon.colcon_core.shell:Creating package script '/home/ronit/WaterRobo/install/spawner_pkg/share/spawner_pkg/package.ps1'
[0.827s] INFO:colcon.colcon_core.shell:Creating package descriptor '/home/ronit/WaterRobo/install/spawner_pkg/share/spawner_pkg/package.dsv'
[0.827s] INFO:colcon.colcon_core.shell:Creating package script '/home/ronit/WaterRobo/install/spawner_pkg/share/spawner_pkg/package.sh'
[0.828s] INFO:colcon.colcon_core.shell:Creating package script '/home/ronit/WaterRobo/install/spawner_pkg/share/spawner_pkg/package.bash'
[0.828s] INFO:colcon.colcon_core.shell:Creating package script '/home/ronit/WaterRobo/install/spawner_pkg/share/spawner_pkg/package.zsh'
[0.829s] Level 1:colcon.colcon_core.environment:create_file_with_runtime_dependencies(/home/ronit/WaterRobo/install/spawner_pkg/share/colcon-core/packages/spawner_pkg)
[3.263s] DEBUG:colcon.colcon_core.event_handler.log_command:Invoked command in '/home/ronit/WaterRobo/build/test_force' returned '0': CMAKE_PREFIX_PATH=${CMAKE_PREFIX_PATH}:/home/ronit/WaterRobo/install/spawner_pkg:/opt/ros/humble /usr/bin/cmake --build /home/ronit/WaterRobo/build/test_force -- -j12 -l12
[3.280s] DEBUG:colcon.colcon_core.event_handler.log_command:Invoking command in '/home/ronit/WaterRobo/build/test_force': CMAKE_PREFIX_PATH=${CMAKE_PREFIX_PATH}:/home/ronit/WaterRobo/install/spawner_pkg:/opt/ros/humble /usr/bin/cmake --install /home/ronit/WaterRobo/build/test_force
[3.287s] Level 1:colcon.colcon_core.environment:create_environment_scripts_only(test_force)
[3.289s] Level 1:colcon.colcon_core.environment:checking '/home/ronit/WaterRobo/install/test_force' for CMake module files
[3.290s] DEBUG:colcon.colcon_core.event_handler.log_command:Invoked command in '/home/ronit/WaterRobo/build/test_force' returned '0': CMAKE_PREFIX_PATH=${CMAKE_PREFIX_PATH}:/home/ronit/WaterRobo/install/spawner_pkg:/opt/ros/humble /usr/bin/cmake --install /home/ronit/WaterRobo/build/test_force
[3.290s] Level 1:colcon.colcon_core.environment:checking '/home/ronit/WaterRobo/install/test_force' for CMake config files
[3.290s] Level 1:colcon.colcon_core.shell:create_environment_hook('test_force', 'cmake_prefix_path')
[3.292s] INFO:colcon.colcon_core.shell:Creating environment hook '/home/ronit/WaterRobo/install/test_force/share/test_force/hook/cmake_prefix_path.ps1'
[3.292s] INFO:colcon.colcon_core.shell:Creating environment descriptor '/home/ronit/WaterRobo/install/test_force/share/test_force/hook/cmake_prefix_path.dsv'
[3.293s] INFO:colcon.colcon_core.shell:Creating environment hook '/home/ronit/WaterRobo/install/test_force/share/test_force/hook/cmake_prefix_path.sh'
[3.293s] Level 1:colcon.colcon_core.environment:checking '/home/ronit/WaterRobo/install/test_force/lib'
[3.293s] Level 1:colcon.colcon_core.environment:checking '/home/ronit/WaterRobo/install/test_force/bin'
[3.294s] Level 1:colcon.colcon_core.environment:checking '/home/ronit/WaterRobo/install/test_force/lib/pkgconfig/test_force.pc'
[3.294s] Level 1:colcon.colcon_core.environment:checking '/home/ronit/WaterRobo/install/test_force/lib/python3.10/site-packages'
[3.294s] Level 1:colcon.colcon_core.environment:checking '/home/ronit/WaterRobo/install/test_force/bin'
[3.297s] INFO:colcon.colcon_core.shell:Creating package script '/home/ronit/WaterRobo/install/test_force/share/test_force/package.ps1'
[3.297s] INFO:colcon.colcon_core.shell:Creating package descriptor '/home/ronit/WaterRobo/install/test_force/share/test_force/package.dsv'
[3.298s] INFO:colcon.colcon_core.shell:Creating package script '/home/ronit/WaterRobo/install/test_force/share/test_force/package.sh'
[3.298s] INFO:colcon.colcon_core.shell:Creating package script '/home/ronit/WaterRobo/install/test_force/share/test_force/package.bash'
[3.298s] INFO:colcon.colcon_core.shell:Creating package script '/home/ronit/WaterRobo/install/test_force/share/test_force/package.zsh'
[3.299s] Level 1:colcon.colcon_core.environment:create_file_with_runtime_dependencies(/home/ronit/WaterRobo/install/test_force/share/colcon-core/packages/test_force)
[3.317s] Level 1:colcon.colcon_core.environment:create_environment_scripts_only(test_force)
[3.319s] Level 1:colcon.colcon_core.environment:checking '/home/ronit/WaterRobo/install/test_force' for CMake module files
[3.319s] Level 1:colcon.colcon_core.environment:checking '/home/ronit/WaterRobo/install/test_force' for CMake config files
[3.319s] Level 1:colcon.colcon_core.shell:create_environment_hook('test_force', 'cmake_prefix_path')
[3.320s] INFO:colcon.colcon_core.shell:Creating environment hook '/home/ronit/WaterRobo/install/test_force/share/test_force/hook/cmake_prefix_path.ps1'
[3.320s] INFO:colcon.colcon_core.shell:Creating environment descriptor '/home/ronit/WaterRobo/install/test_force/share/test_force/hook/cmake_prefix_path.dsv'
[3.320s] INFO:colcon.colcon_core.shell:Creating environment hook '/home/ronit/WaterRobo/install/test_force/share/test_force/hook/cmake_prefix_path.sh'
[3.321s] Level 1:colcon.colcon_core.environment:checking '/home/ronit/WaterRobo/install/test_force/lib'
[3.321s] Level 1:colcon.colcon_core.environment:checking '/home/ronit/WaterRobo/install/test_force/bin'
[3.321s] Level 1:colcon.colcon_core.environment:checking '/home/ronit/WaterRobo/install/test_force/lib/pkgconfig/test_force.pc'
[3.321s] Level 1:colcon.colcon_core.environment:checking '/home/ronit/WaterRobo/install/test_force/lib/python3.10/site-packages'
[3.321s] Level 1:colcon.colcon_core.environment:checking '/home/ronit/WaterRobo/install/test_force/bin'
[3.322s] INFO:colcon.colcon_core.shell:Creating package script '/home/ronit/WaterRobo/install/test_force/share/test_force/package.ps1'
[3.322s] INFO:colcon.colcon_core.shell:Creating package descriptor '/home/ronit/WaterRobo/install/test_force/share/test_force/package.dsv'
[3.322s] INFO:colcon.colcon_core.shell:Creating package script '/home/ronit/WaterRobo/install/test_force/share/test_force/package.sh'
[3.322s] INFO:colcon.colcon_core.shell:Creating package script '/home/ronit/WaterRobo/install/test_force/share/test_force/package.bash'
[3.323s] INFO:colcon.colcon_core.shell:Creating package script '/home/ronit/WaterRobo/install/test_force/share/test_force/package.zsh'
[3.323s] Level 1:colcon.colcon_core.environment:create_file_with_runtime_dependencies(/home/ronit/WaterRobo/install/test_force/share/colcon-core/packages/test_force)
[3.323s] DEBUG:colcon.colcon_parallel_executor.executor.parallel:closing loop
[3.323s] DEBUG:colcon.colcon_parallel_executor.executor.parallel:loop closed
[3.323s] DEBUG:colcon.colcon_parallel_executor.executor.parallel:run_until_complete finished with '0'
[3.323s] DEBUG:colcon.colcon_core.event_reactor:joining thread
[3.332s] INFO:colcon.colcon_core.plugin_system:Skipping extension 'colcon_notification.desktop_notification.terminal_notifier': Not used on non-Darwin systems
[3.332s] INFO:colcon.colcon_core.plugin_system:Skipping extension 'colcon_notification.desktop_notification.win32': Not used on non-Windows systems
[3.332s] INFO:colcon.colcon_notification.desktop_notification:Sending desktop notification using 'notify2'
[3.348s] DEBUG:colcon.colcon_core.event_reactor:joined thread
[3.350s] INFO:colcon.colcon_core.shell:Creating prefix script '/home/ronit/WaterRobo/install/local_setup.ps1'
[3.351s] INFO:colcon.colcon_core.shell:Creating prefix util module '/home/ronit/WaterRobo/install/_local_setup_util_ps1.py'
[3.353s] INFO:colcon.colcon_core.shell:Creating prefix chain script '/home/ronit/WaterRobo/install/setup.ps1'
[3.355s] INFO:colcon.colcon_core.shell:Creating prefix script '/home/ronit/WaterRobo/install/local_setup.sh'
[3.355s] INFO:colcon.colcon_core.shell:Creating prefix util module '/home/ronit/WaterRobo/install/_local_setup_util_sh.py'
[3.355s] INFO:colcon.colcon_core.shell:Creating prefix chain script '/home/ronit/WaterRobo/install/setup.sh'
[3.356s] INFO:colcon.colcon_core.shell:Creating prefix script '/home/ronit/WaterRobo/install/local_setup.bash'
[3.357s] INFO:colcon.colcon_core.shell:Creating prefix chain script '/home/ronit/WaterRobo/install/setup.bash'
[3.358s] INFO:colcon.colcon_core.shell:Creating prefix script '/home/ronit/WaterRobo/install/local_setup.zsh'
[3.358s] INFO:colcon.colcon_core.shell:Creating prefix chain script '/home/ronit/WaterRobo/install/setup.zsh'
