/home/ronit/WaterRobo/install/spawner_pkg/lib/python3.10/site-packages/spawner_pkg/spawn.py
/home/ronit/WaterRobo/install/spawner_pkg/lib/python3.10/site-packages/spawner_pkg/__init__.py
/home/ronit/WaterRobo/install/spawner_pkg/lib/python3.10/site-packages/spawner_pkg/__pycache__/spawn.cpython-310.pyc
/home/ronit/WaterRobo/install/spawner_pkg/lib/python3.10/site-packages/spawner_pkg/__pycache__/__init__.cpython-310.pyc
/home/ronit/WaterRobo/install/spawner_pkg/share/ament_index/resource_index/packages/spawner_pkg
/home/ronit/WaterRobo/install/spawner_pkg/share/spawner_pkg/package.xml
/home/ronit/WaterRobo/install/spawner_pkg/share/spawner_pkg/launch/sim.launch.py
/home/ronit/WaterRobo/install/spawner_pkg/share/spawner_pkg/worlds/world_mk1.world
/home/ronit/WaterRobo/install/spawner_pkg/share/spawner_pkg/models/AUV_mk4/backup.sdf
/home/ronit/WaterRobo/install/spawner_pkg/share/spawner_pkg/models/AUV_mk4/model.config
/home/ronit/WaterRobo/install/spawner_pkg/share/spawner_pkg/models/AUV_mk4/model.sdf
/home/ronit/WaterRobo/install/spawner_pkg/share/spawner_pkg/models/world_mk1.world
/home/ronit/WaterRobo/install/spawner_pkg/lib/python3.10/site-packages/spawner_pkg-0.0.0-py3.10.egg-info/PKG-INFO
/home/ronit/WaterRobo/install/spawner_pkg/lib/python3.10/site-packages/spawner_pkg-0.0.0-py3.10.egg-info/entry_points.txt
/home/ronit/WaterRobo/install/spawner_pkg/lib/python3.10/site-packages/spawner_pkg-0.0.0-py3.10.egg-info/top_level.txt
/home/ronit/WaterRobo/install/spawner_pkg/lib/python3.10/site-packages/spawner_pkg-0.0.0-py3.10.egg-info/dependency_links.txt
/home/ronit/WaterRobo/install/spawner_pkg/lib/python3.10/site-packages/spawner_pkg-0.0.0-py3.10.egg-info/requires.txt
/home/ronit/WaterRobo/install/spawner_pkg/lib/python3.10/site-packages/spawner_pkg-0.0.0-py3.10.egg-info/SOURCES.txt
/home/ronit/WaterRobo/install/spawner_pkg/lib/python3.10/site-packages/spawner_pkg-0.0.0-py3.10.egg-info/zip-safe
/home/ronit/WaterRobo/install/spawner_pkg/lib/spawner_pkg/spawn
