running egg_info
creating ../../build/spawner_pkg/spawner_pkg.egg-info
writing ../../build/spawner_pkg/spawner_pkg.egg-info/PKG-INFO
writing dependency_links to ../../build/spawner_pkg/spawner_pkg.egg-info/dependency_links.txt
writing entry points to ../../build/spawner_pkg/spawner_pkg.egg-info/entry_points.txt
writing requirements to ../../build/spawner_pkg/spawner_pkg.egg-info/requires.txt
writing top-level names to ../../build/spawner_pkg/spawner_pkg.egg-info/top_level.txt
writing manifest file '../../build/spawner_pkg/spawner_pkg.egg-info/SOURCES.txt'
reading manifest file '../../build/spawner_pkg/spawner_pkg.egg-info/SOURCES.txt'
writing manifest file '../../build/spawner_pkg/spawner_pkg.egg-info/SOURCES.txt'
running build
running build_py
creating /home/ronit/WaterRobo/build/spawner_pkg/build
creating /home/ronit/WaterRobo/build/spawner_pkg/build/lib
creating /home/ronit/WaterRobo/build/spawner_pkg/build/lib/spawner_pkg
copying spawner_pkg/spawn.py -> /home/ronit/WaterRobo/build/spawner_pkg/build/lib/spawner_pkg
copying spawner_pkg/__init__.py -> /home/ronit/WaterRobo/build/spawner_pkg/build/lib/spawner_pkg
running install
running install_lib
creating /home/ronit/WaterRobo/install/spawner_pkg/lib/python3.10/site-packages/spawner_pkg
copying /home/ronit/WaterRobo/build/spawner_pkg/build/lib/spawner_pkg/spawn.py -> /home/ronit/WaterRobo/install/spawner_pkg/lib/python3.10/site-packages/spawner_pkg
copying /home/ronit/WaterRobo/build/spawner_pkg/build/lib/spawner_pkg/__init__.py -> /home/ronit/WaterRobo/install/spawner_pkg/lib/python3.10/site-packages/spawner_pkg
byte-compiling /home/ronit/WaterRobo/install/spawner_pkg/lib/python3.10/site-packages/spawner_pkg/spawn.py to spawn.cpython-310.pyc
byte-compiling /home/ronit/WaterRobo/install/spawner_pkg/lib/python3.10/site-packages/spawner_pkg/__init__.py to __init__.cpython-310.pyc
running install_data
creating /home/ronit/WaterRobo/install/spawner_pkg/share/ament_index
creating /home/ronit/WaterRobo/install/spawner_pkg/share/ament_index/resource_index
creating /home/ronit/WaterRobo/install/spawner_pkg/share/ament_index/resource_index/packages
copying resource/spawner_pkg -> /home/ronit/WaterRobo/install/spawner_pkg/share/ament_index/resource_index/packages
copying package.xml -> /home/ronit/WaterRobo/install/spawner_pkg/share/spawner_pkg
creating /home/ronit/WaterRobo/install/spawner_pkg/share/spawner_pkg/launch
copying launch/sim.launch.py -> /home/ronit/WaterRobo/install/spawner_pkg/share/spawner_pkg/launch
creating /home/ronit/WaterRobo/install/spawner_pkg/share/spawner_pkg/worlds
copying ./worlds/world_mk1.world -> /home/ronit/WaterRobo/install/spawner_pkg/share/spawner_pkg/worlds/
creating /home/ronit/WaterRobo/install/spawner_pkg/share/spawner_pkg/models
creating /home/ronit/WaterRobo/install/spawner_pkg/share/spawner_pkg/models/AUV_mk4
copying ./models/AUV_mk4/backup.sdf -> /home/ronit/WaterRobo/install/spawner_pkg/share/spawner_pkg/models/AUV_mk4/
copying ./models/AUV_mk4/model.config -> /home/ronit/WaterRobo/install/spawner_pkg/share/spawner_pkg/models/AUV_mk4/
copying ./models/AUV_mk4/model.sdf -> /home/ronit/WaterRobo/install/spawner_pkg/share/spawner_pkg/models/AUV_mk4/
copying ./worlds/world_mk1.world -> /home/ronit/WaterRobo/install/spawner_pkg/share/spawner_pkg/models/
running install_egg_info
Copying ../../build/spawner_pkg/spawner_pkg.egg-info to /home/ronit/WaterRobo/install/spawner_pkg/lib/python3.10/site-packages/spawner_pkg-0.0.0-py3.10.egg-info
running install_scripts
Installing spawn script to /home/ronit/WaterRobo/install/spawner_pkg/bin
writing list of installed files to '/home/ronit/WaterRobo/build/spawner_pkg/install.log'
