[0.337s] Invoking command in '/home/ronit/WaterRobo/src/spawner_pkg': PYTHONPATH=/home/ronit/WaterRobo/build/spawner_pkg/prefix_override:/home/ronit/WaterRobo/install/spawner_pkg/lib/python3.10/site-packages:${PYTHONPATH} /usr/bin/python3 setup.py egg_info --egg-base ../../build/spawner_pkg build --build-base /home/ronit/WaterRobo/build/spawner_pkg/build install --record /home/ronit/WaterRobo/build/spawner_pkg/install.log --single-version-externally-managed
[0.463s] running egg_info
[0.463s] writing ../../build/spawner_pkg/spawner_pkg.egg-info/PKG-INFO
[0.463s] writing dependency_links to ../../build/spawner_pkg/spawner_pkg.egg-info/dependency_links.txt
[0.463s] writing entry points to ../../build/spawner_pkg/spawner_pkg.egg-info/entry_points.txt
[0.463s] writing requirements to ../../build/spawner_pkg/spawner_pkg.egg-info/requires.txt
[0.464s] writing top-level names to ../../build/spawner_pkg/spawner_pkg.egg-info/top_level.txt
[0.465s] reading manifest file '../../build/spawner_pkg/spawner_pkg.egg-info/SOURCES.txt'
[0.465s] writing manifest file '../../build/spawner_pkg/spawner_pkg.egg-info/SOURCES.txt'
[0.465s] running build
[0.465s] running build_py
[0.466s] copying spawner_pkg/spawn.py -> /home/ronit/WaterRobo/build/spawner_pkg/build/lib/spawner_pkg
[0.466s] copying spawner_pkg/__init__.py -> /home/ronit/WaterRobo/build/spawner_pkg/build/lib/spawner_pkg
[0.466s] running install
[0.466s] /usr/lib/python3/dist-packages/setuptools/command/install.py:34: SetuptoolsDeprecationWarning: setup.py install is deprecated. Use build and pip and other standards-based tools.
[0.466s]   warnings.warn(
[0.466s] running install_lib
[0.466s] copying /home/ronit/WaterRobo/build/spawner_pkg/build/lib/spawner_pkg/spawn.py -> /home/ronit/WaterRobo/install/spawner_pkg/lib/python3.10/site-packages/spawner_pkg
[0.466s] copying /home/ronit/WaterRobo/build/spawner_pkg/build/lib/spawner_pkg/__init__.py -> /home/ronit/WaterRobo/install/spawner_pkg/lib/python3.10/site-packages/spawner_pkg
[0.466s] byte-compiling /home/ronit/WaterRobo/install/spawner_pkg/lib/python3.10/site-packages/spawner_pkg/spawn.py to spawn.cpython-310.pyc
[0.467s] byte-compiling /home/ronit/WaterRobo/install/spawner_pkg/lib/python3.10/site-packages/spawner_pkg/__init__.py to __init__.cpython-310.pyc
[0.467s] running install_data
[0.467s] copying resource/spawner_pkg -> /home/ronit/WaterRobo/install/spawner_pkg/share/ament_index/resource_index/packages
[0.467s] copying package.xml -> /home/ronit/WaterRobo/install/spawner_pkg/share/spawner_pkg
[0.467s] copying launch/sim.launch.py -> /home/ronit/WaterRobo/install/spawner_pkg/share/spawner_pkg/launch
[0.467s] running install_egg_info
[0.468s] removing '/home/ronit/WaterRobo/install/spawner_pkg/lib/python3.10/site-packages/spawner_pkg-0.0.0-py3.10.egg-info' (and everything under it)
[0.468s] Copying ../../build/spawner_pkg/spawner_pkg.egg-info to /home/ronit/WaterRobo/install/spawner_pkg/lib/python3.10/site-packages/spawner_pkg-0.0.0-py3.10.egg-info
[0.468s] running install_scripts
[0.481s] Installing spawn script to /home/ronit/WaterRobo/install/spawner_pkg/lib/spawner_pkg
[0.481s] writing list of installed files to '/home/ronit/WaterRobo/build/spawner_pkg/install.log'
[0.498s] Invoked command in '/home/ronit/WaterRobo/src/spawner_pkg' returned '0': PYTHONPATH=/home/ronit/WaterRobo/build/spawner_pkg/prefix_override:/home/ronit/WaterRobo/install/spawner_pkg/lib/python3.10/site-packages:${PYTHONPATH} /usr/bin/python3 setup.py egg_info --egg-base ../../build/spawner_pkg build --build-base /home/ronit/WaterRobo/build/spawner_pkg/build install --record /home/ronit/WaterRobo/build/spawner_pkg/install.log --single-version-externally-managed
